{"message":"[head:journals/2226-4310]","level":"info","timestamp":"2021-05-25T18:47:09.637Z"}
{"message":"[head:journals/2077-0472]","level":"info","timestamp":"2021-05-25T18:47:09.643Z"}
{"message":"[head:journals/2073-4395]","level":"info","timestamp":"2021-05-25T18:47:09.644Z"}
{"message":"[head:journals/2076-2615]","level":"info","timestamp":"2021-05-25T18:47:09.645Z"}
{"message":"[head:journals/2079-6382]","level":"info","timestamp":"2021-05-25T18:47:09.646Z"}
{"message":"[head:journals/2076-3921]","level":"info","timestamp":"2021-05-25T18:47:09.647Z"}
{"message":"[head:journals/2076-3417]","level":"info","timestamp":"2021-05-25T18:47:09.648Z"}
{"message":"[head:journals/2073-4433]","level":"info","timestamp":"2021-05-25T18:47:09.648Z"}
{"message":"[head:journals/2075-1680]","level":"info","timestamp":"2021-05-25T18:47:09.649Z"}
{"message":"[get:journals/2077-0472]","level":"info","timestamp":"2021-05-25T18:47:10.175Z"}
{"message":"[get:journals/2073-4395]","level":"info","timestamp":"2021-05-25T18:47:10.245Z"}
{"message":"[get:journals/2076-3417]","level":"info","timestamp":"2021-05-25T18:47:10.312Z"}
{"message":"[get:journals/2076-2615]","level":"info","timestamp":"2021-05-25T18:47:10.380Z"}
{"message":"[get:journals/2226-4310]","level":"info","timestamp":"2021-05-25T18:47:10.450Z"}
{"message":"[get:journals/2073-4433]","level":"info","timestamp":"2021-05-25T18:47:10.519Z"}
{"message":"[get:journals/2079-6382]","level":"info","timestamp":"2021-05-25T18:47:10.587Z"}
{"message":"[get:journals/2075-1680]","level":"info","timestamp":"2021-05-25T18:47:10.654Z"}
{"message":"[get:journals/2076-3921]","level":"info","timestamp":"2021-05-25T18:47:10.720Z"}
{"message":"[head:journals/2077-0472]","level":"info","timestamp":"2021-05-25T18:49:38.248Z"}
{"message":"[head:journals/2226-4310]","level":"info","timestamp":"2021-05-25T18:49:38.249Z"}
{"message":"[head:journals/2073-4395]","level":"info","timestamp":"2021-05-25T18:49:38.249Z"}
{"message":"[head:journals/2076-2615]","level":"info","timestamp":"2021-05-25T18:49:38.250Z"}
{"message":"[head:journals/2079-6382]","level":"info","timestamp":"2021-05-25T18:49:38.250Z"}
{"message":"[head:journals/2076-3921]","level":"info","timestamp":"2021-05-25T18:49:38.251Z"}
{"message":"[head:journals/2076-3417]","level":"info","timestamp":"2021-05-25T18:49:38.251Z"}
{"message":"[head:journals/2073-4433]","level":"info","timestamp":"2021-05-25T18:49:38.252Z"}
{"message":"[head:journals/2075-1680]","level":"info","timestamp":"2021-05-25T18:49:38.252Z"}
{"message":"[get:journals/2073-4433]","level":"info","timestamp":"2021-05-25T18:49:39.322Z"}
{"message":"[get:journals/2226-4310]","level":"info","timestamp":"2021-05-25T18:49:39.390Z"}
{"message":"[get:journals/2076-3921]","level":"info","timestamp":"2021-05-25T18:49:39.457Z"}
{"message":"[get:journals/2075-1680]","level":"info","timestamp":"2021-05-25T18:49:39.525Z"}
{"message":"[get:journals/2076-3417]","level":"info","timestamp":"2021-05-25T18:49:39.593Z"}
{"message":"[get:journals/2079-6382]","level":"info","timestamp":"2021-05-25T18:49:39.660Z"}
{"message":"[get:journals/2073-4395]","level":"info","timestamp":"2021-05-25T18:49:39.728Z"}
{"message":"[get:journals/2077-0472]","level":"info","timestamp":"2021-05-25T18:49:39.797Z"}
{"message":"[get:journals/2076-2615]","level":"info","timestamp":"2021-05-25T18:49:39.866Z"}
{"message":"[head:journals/2227-9059]","level":"info","timestamp":"2021-05-25T18:49:53.006Z"}
{"message":"[head:journals/2218-273X]","level":"info","timestamp":"2021-05-25T18:49:53.006Z"}
{"message":"[head:journals/2079-6374]","level":"info","timestamp":"2021-05-25T18:49:53.007Z"}
{"message":"[head:journals/2076-3425]","level":"info","timestamp":"2021-05-25T18:49:53.007Z"}
{"message":"[head:journals/2075-5309]","level":"info","timestamp":"2021-05-25T18:49:53.008Z"}
{"message":"[head:journals/2072-6694]","level":"info","timestamp":"2021-05-25T18:49:53.008Z"}
{"message":"[head:journals/2073-4344]","level":"info","timestamp":"2021-05-25T18:49:53.009Z"}
{"message":"[head:journals/2073-4409]","level":"info","timestamp":"2021-05-25T18:49:53.010Z"}
{"message":"[head:journals/2079-7737]","level":"info","timestamp":"2021-05-25T18:49:53.011Z"}
{"message":"[head:journals/2227-9040]","level":"info","timestamp":"2021-05-25T18:49:53.011Z"}
{"message":"[head:journals/2227-9067]","level":"info","timestamp":"2021-05-25T18:49:53.012Z"}
{"message":"[head:journals/2079-6412]","level":"info","timestamp":"2021-05-25T18:49:53.013Z"}
{"message":"[head:journals/2073-4352]","level":"info","timestamp":"2021-05-25T18:49:53.013Z"}
{"message":"[head:journals/1467-3045]","level":"info","timestamp":"2021-05-25T18:49:53.014Z"}
{"message":"[head:journals/2075-4418]","level":"info","timestamp":"2021-05-25T18:49:53.015Z"}
{"message":"[head:journals/1424-2818]","level":"info","timestamp":"2021-05-25T18:49:53.016Z"}
{"message":"[head:journals/2504-446X]","level":"info","timestamp":"2021-05-25T18:49:53.016Z"}
{"message":"[head:journals/2079-9292]","level":"info","timestamp":"2021-05-25T18:49:53.017Z"}
{"message":"[head:journals/1996-1073]","level":"info","timestamp":"2021-05-25T18:49:53.017Z"}
{"message":"[head:journals/1099-4300]","level":"info","timestamp":"2021-05-25T18:49:53.018Z"}
{"message":"[head:journals/2311-5637]","level":"info","timestamp":"2021-05-25T18:49:53.018Z"}
{"message":"[head:journals/2571-6255]","level":"info","timestamp":"2021-05-25T18:49:53.018Z"}
{"message":"[head:journals/2410-3888]","level":"info","timestamp":"2021-05-25T18:49:53.019Z"}
{"message":"[head:journals/2304-8158]","level":"info","timestamp":"2021-05-25T18:49:53.020Z"}
{"message":"[head:journals/1999-4907]","level":"info","timestamp":"2021-05-25T18:49:53.020Z"}
{"message":"[head:journals/2504-3110]","level":"info","timestamp":"2021-05-25T18:49:53.021Z"}
{"message":"[head:journals/2310-2861]","level":"info","timestamp":"2021-05-25T18:49:53.021Z"}
{"message":"[head:journals/2073-4425]","level":"info","timestamp":"2021-05-25T18:49:53.023Z"}
{"message":"[head:journals/2227-9032]","level":"info","timestamp":"2021-05-25T18:49:53.023Z"}
{"message":"[head:journals/2311-7524]","level":"info","timestamp":"2021-05-25T18:49:53.024Z"}
{"message":"[head:journals/2075-4450]","level":"info","timestamp":"2021-05-25T18:49:53.024Z"}
{"message":"[head:journals/1660-4601]","level":"info","timestamp":"2021-05-25T18:49:53.025Z"}
{"message":"[head:journals/1422-0067]","level":"info","timestamp":"2021-05-25T18:49:53.025Z"}
{"message":"[head:journals/2220-9964]","level":"info","timestamp":"2021-05-25T18:49:53.025Z"}
{"message":"[head:journals/2308-3425]","level":"info","timestamp":"2021-05-25T18:49:53.026Z"}
{"message":"[head:journals/2077-0383]","level":"info","timestamp":"2021-05-25T18:49:53.027Z"}
{"message":"[head:journals/2309-608X]","level":"info","timestamp":"2021-05-25T18:49:53.027Z"}
{"message":"[head:journals/2077-1312]","level":"info","timestamp":"2021-05-25T18:49:53.028Z"}
{"message":"[head:journals/2075-4426]","level":"info","timestamp":"2021-05-25T18:49:53.028Z"}
{"message":"[head:journals/2075-1729]","level":"info","timestamp":"2021-05-25T18:49:53.028Z"}
{"message":"[head:journals/2075-1702]","level":"info","timestamp":"2021-05-25T18:49:53.029Z"}
{"message":"[head:journals/1660-3397]","level":"info","timestamp":"2021-05-25T18:49:53.029Z"}
{"message":"[head:journals/1996-1944]","level":"info","timestamp":"2021-05-25T18:49:53.030Z"}
{"message":"[head:journals/2227-7390]","level":"info","timestamp":"2021-05-25T18:49:53.030Z"}
{"message":"[head:journals/2312-7481]","level":"info","timestamp":"2021-05-25T18:49:53.031Z"}
{"message":"[head:journals/1648-9144]","level":"info","timestamp":"2021-05-25T18:49:53.031Z"}
{"message":"[head:journals/2077-0375]","level":"info","timestamp":"2021-05-25T18:49:53.032Z"}
{"message":"[head:journals/2218-1989]","level":"info","timestamp":"2021-05-25T18:49:53.032Z"}
{"message":"[head:journals/2075-4701]","level":"info","timestamp":"2021-05-25T18:49:53.033Z"}
{"message":"[head:journals/2072-666X]","level":"info","timestamp":"2021-05-25T18:49:53.033Z"}
{"message":"[head:journals/2076-2607]","level":"info","timestamp":"2021-05-25T18:49:53.034Z"}
{"message":"[head:journals/2075-163X]","level":"info","timestamp":"2021-05-25T18:49:53.034Z"}
{"message":"[head:journals/1420-3049]","level":"info","timestamp":"2021-05-25T18:49:53.034Z"}
{"message":"[head:journals/2079-4991]","level":"info","timestamp":"2021-05-25T18:49:53.035Z"}
{"message":"[head:journals/2072-6643]","level":"info","timestamp":"2021-05-25T18:49:53.035Z"}
{"message":"[head:journals/2076-0817]","level":"info","timestamp":"2021-05-25T18:49:53.036Z"}
{"message":"[head:journals/1424-8247]","level":"info","timestamp":"2021-05-25T18:49:53.036Z"}
{"message":"[head:journals/1999-4923]","level":"info","timestamp":"2021-05-25T18:49:53.037Z"}
{"message":"[head:journals/2304-6732]","level":"info","timestamp":"2021-05-25T18:49:53.037Z"}
{"message":"[head:journals/2223-7747]","level":"info","timestamp":"2021-05-25T18:49:53.037Z"}
{"message":"[head:journals/2073-4360]","level":"info","timestamp":"2021-05-25T18:49:53.038Z"}
{"message":"[head:journals/2227-9717]","level":"info","timestamp":"2021-05-25T18:49:53.038Z"}
{"message":"[head:journals/2072-4292]","level":"info","timestamp":"2021-05-25T18:49:53.039Z"}
{"message":"[head:journals/1424-8220]","level":"info","timestamp":"2021-05-25T18:49:53.040Z"}
{"message":"[head:journals/2297-8739]","level":"info","timestamp":"2021-05-25T18:49:53.040Z"}
{"message":"[head:journals/2071-1050]","level":"info","timestamp":"2021-05-25T18:49:53.040Z"}
{"message":"[head:journals/2073-8994]","level":"info","timestamp":"2021-05-25T18:49:53.041Z"}
{"message":"[head:journals/2379-139X]","level":"info","timestamp":"2021-05-25T18:49:53.041Z"}
{"message":"[head:journals/2305-6304]","level":"info","timestamp":"2021-05-25T18:49:53.042Z"}
{"message":"[head:journals/2072-6651]","level":"info","timestamp":"2021-05-25T18:49:53.042Z"}
{"message":"[head:journals/2218-1997]","level":"info","timestamp":"2021-05-25T18:49:53.042Z"}
{"message":"[head:journals/2076-393X]","level":"info","timestamp":"2021-05-25T18:49:53.043Z"}
{"message":"[head:journals/2306-7381]","level":"info","timestamp":"2021-05-25T18:49:53.043Z"}
{"message":"[head:journals/1999-4915]","level":"info","timestamp":"2021-05-25T18:49:53.043Z"}
{"message":"[head:journals/2073-4441]","level":"info","timestamp":"2021-05-25T18:49:53.043Z"}
{"message":"[get:journals/1099-4300]","level":"info","timestamp":"2021-05-25T18:49:54.178Z"}
{"message":"[get:journals/2227-9067]","level":"info","timestamp":"2021-05-25T18:49:54.244Z"}
{"message":"[get:journals/2079-6374]","level":"info","timestamp":"2021-05-25T18:49:54.310Z"}
{"message":"[get:journals/2075-5309]","level":"info","timestamp":"2021-05-25T18:49:54.377Z"}
{"message":"[get:journals/1996-1073]","level":"info","timestamp":"2021-05-25T18:49:54.447Z"}
{"message":"[get:journals/2304-8158]","level":"info","timestamp":"2021-05-25T18:49:54.522Z"}
{"message":"[get:journals/1467-3045]","level":"info","timestamp":"2021-05-25T18:49:54.592Z"}
{"message":"[get:journals/2309-608X]","level":"info","timestamp":"2021-05-25T18:49:54.664Z"}
{"message":"[get:journals/2504-3110]","level":"info","timestamp":"2021-05-25T18:49:54.732Z"}
{"message":"[get:journals/2504-446X]","level":"info","timestamp":"2021-05-25T18:49:54.798Z"}
{"message":"[get:journals/2310-2861]","level":"info","timestamp":"2021-05-25T18:49:54.865Z"}
{"message":"[get:journals/2075-4426]","level":"info","timestamp":"2021-05-25T18:49:54.939Z"}
{"message":"[get:journals/1422-0067]","level":"info","timestamp":"2021-05-25T18:49:55.012Z"}
{"message":"[get:journals/2311-7524]","level":"info","timestamp":"2021-05-25T18:49:55.087Z"}
{"message":"[get:journals/2079-4991]","level":"info","timestamp":"2021-05-25T18:49:55.164Z"}
{"message":"[get:journals/1660-4601]","level":"info","timestamp":"2021-05-25T18:49:55.238Z"}
{"message":"[get:journals/2075-1729]","level":"info","timestamp":"2021-05-25T18:49:55.314Z"}
{"message":"[get:journals/2072-666X]","level":"info","timestamp":"2021-05-25T18:49:55.387Z"}
{"message":"[get:journals/2077-1312]","level":"info","timestamp":"2021-05-25T18:49:55.454Z"}
{"message":"[get:journals/2077-0383]","level":"info","timestamp":"2021-05-25T18:49:55.525Z"}
{"message":"[get:journals/1648-9144]","level":"info","timestamp":"2021-05-25T18:49:55.597Z"}
{"message":"[get:journals/2075-163X]","level":"info","timestamp":"2021-05-25T18:49:55.663Z"}
{"message":"[get:journals/2076-0817]","level":"info","timestamp":"2021-05-25T18:49:55.730Z"}
{"message":"[get:journals/1660-3397]","level":"info","timestamp":"2021-05-25T18:49:55.796Z"}
{"message":"[get:journals/2072-6694]","level":"info","timestamp":"2021-05-25T18:49:55.865Z"}
{"message":"[get:journals/2079-7737]","level":"info","timestamp":"2021-05-25T18:49:55.933Z"}
{"message":"[get:journals/2218-273X]","level":"info","timestamp":"2021-05-25T18:49:55.999Z"}
{"message":"[get:journals/1424-2818]","level":"info","timestamp":"2021-05-25T18:49:56.066Z"}
{"message":"[get:journals/2227-9059]","level":"info","timestamp":"2021-05-25T18:49:56.137Z"}
{"message":"[get:journals/2227-9040]","level":"info","timestamp":"2021-05-25T18:49:56.205Z"}
{"message":"[get:journals/2227-9717]","level":"info","timestamp":"2021-05-25T18:49:56.286Z"}
{"message":"[get:journals/2227-7390]","level":"info","timestamp":"2021-05-25T18:49:56.357Z"}
{"message":"[get:journals/2073-4344]","level":"info","timestamp":"2021-05-25T18:49:56.427Z"}
{"message":"[get:journals/2073-4409]","level":"info","timestamp":"2021-05-25T18:49:56.494Z"}
{"message":"[get:journals/2072-6651]","level":"info","timestamp":"2021-05-25T18:49:56.567Z"}
{"message":"[get:journals/2071-1050]","level":"info","timestamp":"2021-05-25T18:49:56.637Z"}
{"message":"[get:journals/2223-7747]","level":"info","timestamp":"2021-05-25T18:49:56.709Z"}
{"message":"[get:journals/1999-4923]","level":"info","timestamp":"2021-05-25T18:49:56.781Z"}
{"message":"[get:journals/2073-4360]","level":"info","timestamp":"2021-05-25T18:49:56.853Z"}
{"message":"[get:journals/2297-8739]","level":"info","timestamp":"2021-05-25T18:49:56.922Z"}
{"message":"[get:journals/2077-0375]","level":"info","timestamp":"2021-05-25T18:49:56.991Z"}
{"message":"[get:journals/2311-5637]","level":"info","timestamp":"2021-05-25T18:49:57.059Z"}
{"message":"[get:journals/2227-9032]","level":"info","timestamp":"2021-05-25T18:49:57.128Z"}
{"message":"[get:journals/2073-4352]","level":"info","timestamp":"2021-05-25T18:49:57.196Z"}
{"message":"[get:journals/2073-4425]","level":"info","timestamp":"2021-05-25T18:49:57.266Z"}
{"message":"[get:journals/2218-1989]","level":"info","timestamp":"2021-05-25T18:49:57.333Z"}
{"message":"[get:journals/2079-6412]","level":"info","timestamp":"2021-05-25T18:49:57.403Z"}
{"message":"[get:journals/2571-6255]","level":"info","timestamp":"2021-05-25T18:49:57.471Z"}
{"message":"[get:journals/2076-2607]","level":"info","timestamp":"2021-05-25T18:49:57.540Z"}
{"message":"[get:journals/2075-4450]","level":"info","timestamp":"2021-05-25T18:49:57.608Z"}
{"message":"[head:journals/2227-9059]","level":"info","timestamp":"2021-05-25T18:50:36.181Z"}
{"message":"[head:journals/2218-273X]","level":"info","timestamp":"2021-05-25T18:50:36.182Z"}
{"message":"[head:journals/2079-6374]","level":"info","timestamp":"2021-05-25T18:50:36.183Z"}
{"message":"[head:journals/2076-3425]","level":"info","timestamp":"2021-05-25T18:50:36.183Z"}
{"message":"[head:journals/2075-5309]","level":"info","timestamp":"2021-05-25T18:50:36.184Z"}
{"message":"[head:journals/2072-6694]","level":"info","timestamp":"2021-05-25T18:50:36.184Z"}
{"message":"[head:journals/2073-4344]","level":"info","timestamp":"2021-05-25T18:50:36.185Z"}
{"message":"[head:journals/2073-4409]","level":"info","timestamp":"2021-05-25T18:50:36.186Z"}
{"message":"[head:journals/2079-7737]","level":"info","timestamp":"2021-05-25T18:50:36.186Z"}
{"message":"[head:journals/2227-9040]","level":"info","timestamp":"2021-05-25T18:50:36.188Z"}
{"message":"[head:journals/2227-9067]","level":"info","timestamp":"2021-05-25T18:50:36.188Z"}
{"message":"[head:journals/2079-6412]","level":"info","timestamp":"2021-05-25T18:50:36.189Z"}
{"message":"[head:journals/2073-4352]","level":"info","timestamp":"2021-05-25T18:50:36.189Z"}
{"message":"[head:journals/1467-3045]","level":"info","timestamp":"2021-05-25T18:50:36.190Z"}
{"message":"[head:journals/2075-4418]","level":"info","timestamp":"2021-05-25T18:50:36.191Z"}
{"message":"[head:journals/1424-2818]","level":"info","timestamp":"2021-05-25T18:50:36.192Z"}
{"message":"[head:journals/2504-446X]","level":"info","timestamp":"2021-05-25T18:50:36.192Z"}
{"message":"[head:journals/2079-9292]","level":"info","timestamp":"2021-05-25T18:50:36.193Z"}
{"message":"[head:journals/1996-1073]","level":"info","timestamp":"2021-05-25T18:50:36.193Z"}
{"message":"[head:journals/1099-4300]","level":"info","timestamp":"2021-05-25T18:50:36.194Z"}
{"message":"[head:journals/2311-5637]","level":"info","timestamp":"2021-05-25T18:50:36.194Z"}
{"message":"[head:journals/2571-6255]","level":"info","timestamp":"2021-05-25T18:50:36.195Z"}
{"message":"[head:journals/2410-3888]","level":"info","timestamp":"2021-05-25T18:50:36.195Z"}
{"message":"[head:journals/2304-8158]","level":"info","timestamp":"2021-05-25T18:50:36.196Z"}
{"message":"[head:journals/1999-4907]","level":"info","timestamp":"2021-05-25T18:50:36.197Z"}
{"message":"[head:journals/2504-3110]","level":"info","timestamp":"2021-05-25T18:50:36.197Z"}
{"message":"[head:journals/2310-2861]","level":"info","timestamp":"2021-05-25T18:50:36.198Z"}
{"message":"[head:journals/2073-4425]","level":"info","timestamp":"2021-05-25T18:50:36.200Z"}
{"message":"[head:journals/2227-9032]","level":"info","timestamp":"2021-05-25T18:50:36.200Z"}
{"message":"[head:journals/2311-7524]","level":"info","timestamp":"2021-05-25T18:50:36.200Z"}
{"message":"[head:journals/2075-4450]","level":"info","timestamp":"2021-05-25T18:50:36.201Z"}
{"message":"[head:journals/1660-4601]","level":"info","timestamp":"2021-05-25T18:50:36.201Z"}
{"message":"[head:journals/1422-0067]","level":"info","timestamp":"2021-05-25T18:50:36.202Z"}
{"message":"[head:journals/2220-9964]","level":"info","timestamp":"2021-05-25T18:50:36.202Z"}
{"message":"[head:journals/2308-3425]","level":"info","timestamp":"2021-05-25T18:50:36.203Z"}
{"message":"[head:journals/2077-0383]","level":"info","timestamp":"2021-05-25T18:50:36.203Z"}
{"message":"[head:journals/2309-608X]","level":"info","timestamp":"2021-05-25T18:50:36.204Z"}
{"message":"[head:journals/2077-1312]","level":"info","timestamp":"2021-05-25T18:50:36.204Z"}
{"message":"[head:journals/2075-4426]","level":"info","timestamp":"2021-05-25T18:50:36.205Z"}
{"message":"[head:journals/2075-1729]","level":"info","timestamp":"2021-05-25T18:50:36.205Z"}
{"message":"[head:journals/2075-1702]","level":"info","timestamp":"2021-05-25T18:50:36.206Z"}
{"message":"[head:journals/2312-7481]","level":"info","timestamp":"2021-05-25T18:50:36.206Z"}
{"message":"[head:journals/1660-3397]","level":"info","timestamp":"2021-05-25T18:50:36.206Z"}
{"message":"[head:journals/1996-1944]","level":"info","timestamp":"2021-05-25T18:50:36.207Z"}
{"message":"[head:journals/2227-7390]","level":"info","timestamp":"2021-05-25T18:50:36.207Z"}
{"message":"[head:journals/1648-9144]","level":"info","timestamp":"2021-05-25T18:50:36.208Z"}
{"message":"[head:journals/2077-0375]","level":"info","timestamp":"2021-05-25T18:50:36.208Z"}
{"message":"[head:journals/2218-1989]","level":"info","timestamp":"2021-05-25T18:50:36.209Z"}
{"message":"[head:journals/2075-4701]","level":"info","timestamp":"2021-05-25T18:50:36.209Z"}
{"message":"[head:journals/2072-666X]","level":"info","timestamp":"2021-05-25T18:50:36.209Z"}
{"message":"[head:journals/2076-2607]","level":"info","timestamp":"2021-05-25T18:50:36.210Z"}
{"message":"[head:journals/2075-163X]","level":"info","timestamp":"2021-05-25T18:50:36.210Z"}
{"message":"[head:journals/1420-3049]","level":"info","timestamp":"2021-05-25T18:50:36.211Z"}
{"message":"[head:journals/2079-4991]","level":"info","timestamp":"2021-05-25T18:50:36.211Z"}
{"message":"[head:journals/2072-6643]","level":"info","timestamp":"2021-05-25T18:50:36.211Z"}
{"message":"[head:journals/2076-0817]","level":"info","timestamp":"2021-05-25T18:50:36.212Z"}
{"message":"[head:journals/1424-8247]","level":"info","timestamp":"2021-05-25T18:50:36.212Z"}
{"message":"[head:journals/1999-4923]","level":"info","timestamp":"2021-05-25T18:50:36.213Z"}
{"message":"[head:journals/2304-6732]","level":"info","timestamp":"2021-05-25T18:50:36.213Z"}
{"message":"[head:journals/2223-7747]","level":"info","timestamp":"2021-05-25T18:50:36.214Z"}
{"message":"[head:journals/2073-4360]","level":"info","timestamp":"2021-05-25T18:50:36.214Z"}
{"message":"[head:journals/2227-9717]","level":"info","timestamp":"2021-05-25T18:50:36.215Z"}
{"message":"[head:journals/2072-4292]","level":"info","timestamp":"2021-05-25T18:50:36.216Z"}
{"message":"[head:journals/1424-8220]","level":"info","timestamp":"2021-05-25T18:50:36.216Z"}
{"message":"[head:journals/2297-8739]","level":"info","timestamp":"2021-05-25T18:50:36.216Z"}
{"message":"[head:journals/2071-1050]","level":"info","timestamp":"2021-05-25T18:50:36.217Z"}
{"message":"[head:journals/2073-8994]","level":"info","timestamp":"2021-05-25T18:50:36.217Z"}
{"message":"[head:journals/2379-139X]","level":"info","timestamp":"2021-05-25T18:50:36.217Z"}
{"message":"[head:journals/2305-6304]","level":"info","timestamp":"2021-05-25T18:50:36.218Z"}
{"message":"[head:journals/2072-6651]","level":"info","timestamp":"2021-05-25T18:50:36.218Z"}
{"message":"[head:journals/2218-1997]","level":"info","timestamp":"2021-05-25T18:50:36.218Z"}
{"message":"[head:journals/2306-7381]","level":"info","timestamp":"2021-05-25T18:50:36.219Z"}
{"message":"[head:journals/2076-393X]","level":"info","timestamp":"2021-05-25T18:50:36.219Z"}
{"message":"[head:journals/1999-4915]","level":"info","timestamp":"2021-05-25T18:50:36.219Z"}
{"message":"[head:journals/2073-4441]","level":"info","timestamp":"2021-05-25T18:50:36.220Z"}
{"message":"[head:journals/2227-9059]","level":"info","timestamp":"2021-05-26T19:38:08.663Z"}
{"message":"[head:journals/2218-273X]","level":"info","timestamp":"2021-05-26T19:38:08.879Z"}
{"message":"[head:journals/2079-6374]","level":"info","timestamp":"2021-05-26T19:38:09.080Z"}
{"message":"[head:journals/2076-3425]","level":"info","timestamp":"2021-05-26T19:38:09.282Z"}
{"message":"[head:journals/2075-5309]","level":"info","timestamp":"2021-05-26T19:38:09.484Z"}
{"message":"[head:journals/2072-6694]","level":"info","timestamp":"2021-05-26T19:38:09.685Z"}
{"message":"[head:journals/2073-4344]","level":"info","timestamp":"2021-05-26T19:38:09.887Z"}
{"message":"[head:journals/2073-4409]","level":"info","timestamp":"2021-05-26T19:38:10.089Z"}
{"message":"[head:journals/2079-7737]","level":"info","timestamp":"2021-05-26T19:38:10.290Z"}
{"message":"[head:journals/2227-9040]","level":"info","timestamp":"2021-05-26T19:38:10.492Z"}
{"message":"[head:journals/1467-3045]","level":"info","timestamp":"2021-05-26T19:38:10.694Z"}
{"message":"[head:journals/2227-9067]","level":"info","timestamp":"2021-05-26T19:38:10.895Z"}
{"message":"[head:journals/2079-6412]","level":"info","timestamp":"2021-05-26T19:38:11.097Z"}
{"message":"[head:journals/2073-4352]","level":"info","timestamp":"2021-05-26T19:38:11.299Z"}
{"message":"[head:journals/2079-9292]","level":"info","timestamp":"2021-05-26T19:38:11.565Z"}
{"message":"[head:journals/2075-4418]","level":"info","timestamp":"2021-05-26T19:38:11.796Z"}
{"message":"[head:journals/1424-2818]","level":"info","timestamp":"2021-05-26T19:38:12.064Z"}
{"message":"[head:journals/2504-446X]","level":"info","timestamp":"2021-05-26T19:38:12.287Z"}
{"message":"[head:journals/1996-1073]","level":"info","timestamp":"2021-05-26T19:38:12.502Z"}
{"message":"[head:journals/1099-4300]","level":"info","timestamp":"2021-05-26T19:38:12.731Z"}
{"message":"[head:journals/2311-5637]","level":"info","timestamp":"2021-05-26T19:38:12.978Z"}
{"message":"[head:journals/2571-6255]","level":"info","timestamp":"2021-05-26T19:38:13.191Z"}
{"message":"[head:journals/2410-3888]","level":"info","timestamp":"2021-05-26T19:38:13.417Z"}
{"message":"[head:journals/2227-9032]","level":"info","timestamp":"2021-05-26T19:38:13.672Z"}
{"message":"[head:journals/2304-8158]","level":"info","timestamp":"2021-05-26T19:38:13.875Z"}
{"message":"[head:journals/1999-4907]","level":"info","timestamp":"2021-05-26T19:38:14.076Z"}
{"message":"[head:journals/2504-3110]","level":"info","timestamp":"2021-05-26T19:38:14.277Z"}
{"message":"[head:journals/2310-2861]","level":"info","timestamp":"2021-05-26T19:38:14.479Z"}
{"message":"[head:journals/2073-4425]","level":"info","timestamp":"2021-05-26T19:38:14.714Z"}
{"message":"[head:journals/2311-7524]","level":"info","timestamp":"2021-05-26T19:38:14.924Z"}
{"message":"[head:journals/2075-4450]","level":"info","timestamp":"2021-05-26T19:38:15.130Z"}
{"message":"[head:journals/1660-4601]","level":"info","timestamp":"2021-05-26T19:38:15.332Z"}
{"message":"[head:journals/1422-0067]","level":"info","timestamp":"2021-05-26T19:38:15.534Z"}
{"message":"[head:journals/2220-9964]","level":"info","timestamp":"2021-05-26T19:38:15.735Z"}
{"message":"[head:journals/2308-3425]","level":"info","timestamp":"2021-05-26T19:38:15.937Z"}
{"message":"[head:journals/2077-0383]","level":"info","timestamp":"2021-05-26T19:38:16.184Z"}
{"message":"[head:journals/2309-608X]","level":"info","timestamp":"2021-05-26T19:38:16.384Z"}
{"message":"[head:journals/2077-1312]","level":"info","timestamp":"2021-05-26T19:38:16.589Z"}
{"message":"[head:journals/2075-4426]","level":"info","timestamp":"2021-05-26T19:38:16.830Z"}
{"message":"[head:journals/2075-1729]","level":"info","timestamp":"2021-05-26T19:38:17.057Z"}
{"message":"[head:journals/2075-1702]","level":"info","timestamp":"2021-05-26T19:38:17.267Z"}
{"message":"[head:journals/1996-1944]","level":"info","timestamp":"2021-05-26T19:38:17.468Z"}
{"message":"[head:journals/2312-7481]","level":"info","timestamp":"2021-05-26T19:38:17.675Z"}
{"message":"[head:journals/1660-3397]","level":"info","timestamp":"2021-05-26T19:38:17.876Z"}
{"message":"[head:journals/1648-9144]","level":"info","timestamp":"2021-05-26T19:38:18.125Z"}
{"message":"[head:journals/2227-7390]","level":"info","timestamp":"2021-05-26T19:38:18.377Z"}
{"message":"[head:journals/2077-0375]","level":"info","timestamp":"2021-05-26T19:38:18.593Z"}
{"message":"[head:journals/2218-1989]","level":"info","timestamp":"2021-05-26T19:38:18.821Z"}
{"message":"[head:journals/2075-4701]","level":"info","timestamp":"2021-05-26T19:38:19.027Z"}
{"message":"[head:journals/2072-666X]","level":"info","timestamp":"2021-05-26T19:38:19.241Z"}
{"message":"[head:journals/2076-2607]","level":"info","timestamp":"2021-05-26T19:38:19.443Z"}
{"message":"[head:journals/2075-163X]","level":"info","timestamp":"2021-05-26T19:38:19.645Z"}
{"message":"[head:journals/1420-3049]","level":"info","timestamp":"2021-05-26T19:38:19.911Z"}
{"message":"[head:journals/2079-4991]","level":"info","timestamp":"2021-05-26T19:38:20.143Z"}
{"message":"[head:journals/2072-6643]","level":"info","timestamp":"2021-05-26T19:38:20.414Z"}
{"message":"[head:journals/2076-0817]","level":"info","timestamp":"2021-05-26T19:38:20.622Z"}
{"message":"[head:journals/1424-8247]","level":"info","timestamp":"2021-05-26T19:38:20.862Z"}
{"message":"[head:journals/1999-4923]","level":"info","timestamp":"2021-05-26T19:38:21.069Z"}
{"message":"[head:journals/2304-6732]","level":"info","timestamp":"2021-05-26T19:38:21.274Z"}
{"message":"[head:journals/2297-8739]","level":"info","timestamp":"2021-05-26T19:38:21.515Z"}
{"message":"[head:journals/2223-7747]","level":"info","timestamp":"2021-05-26T19:38:21.719Z"}
{"message":"[head:journals/2073-4360]","level":"info","timestamp":"2021-05-26T19:38:21.925Z"}
{"message":"[head:journals/2227-9717]","level":"info","timestamp":"2021-05-26T19:38:22.127Z"}
{"message":"[head:journals/2072-4292]","level":"info","timestamp":"2021-05-26T19:38:22.329Z"}
{"message":"[head:journals/1424-8220]","level":"info","timestamp":"2021-05-26T19:38:22.530Z"}
{"message":"[head:journals/2071-1050]","level":"info","timestamp":"2021-05-26T19:38:22.732Z"}
{"message":"[head:journals/2073-8994]","level":"info","timestamp":"2021-05-26T19:38:22.934Z"}
{"message":"[head:journals/2379-139X]","level":"info","timestamp":"2021-05-26T19:38:23.135Z"}
{"message":"[head:journals/2305-6304]","level":"info","timestamp":"2021-05-26T19:38:23.337Z"}
{"message":"[head:journals/2072-6651]","level":"info","timestamp":"2021-05-26T19:38:23.539Z"}
{"message":"[head:journals/2218-1997]","level":"info","timestamp":"2021-05-26T19:38:23.799Z"}
{"message":"[head:journals/2076-393X]","level":"info","timestamp":"2021-05-26T19:38:24.043Z"}
{"message":"[head:journals/2306-7381]","level":"info","timestamp":"2021-05-26T19:38:24.252Z"}
{"message":"[head:journals/1999-4915]","level":"info","timestamp":"2021-05-26T19:38:24.478Z"}
{"message":"[head:journals/2073-4441]","level":"info","timestamp":"2021-05-26T19:38:24.692Z"}
{"message":"[get:journals/2227-9059]","level":"info","timestamp":"2021-05-26T19:38:24.943Z"}
{"message":"[get:journals/2218-273X]","level":"info","timestamp":"2021-05-26T19:38:25.186Z"}
{"message":"[get:journals/2079-6374]","level":"info","timestamp":"2021-05-26T19:38:25.391Z"}
{"message":"[get:journals/2076-3425]","level":"info","timestamp":"2021-05-26T19:38:25.602Z"}
{"message":"[get:journals/2075-5309]","level":"info","timestamp":"2021-05-26T19:38:25.804Z"}
{"message":"[get:journals/2072-6694]","level":"info","timestamp":"2021-05-26T19:38:26.005Z"}
{"message":"[get:journals/2073-4344]","level":"info","timestamp":"2021-05-26T19:38:26.207Z"}
{"message":"[get:journals/2073-4409]","level":"info","timestamp":"2021-05-26T19:38:26.409Z"}
{"message":"[get:journals/2079-7737]","level":"info","timestamp":"2021-05-26T19:38:26.610Z"}
{"message":"[get:journals/2227-9040]","level":"info","timestamp":"2021-05-26T19:38:26.812Z"}
{"message":"[get:journals/1467-3045]","level":"info","timestamp":"2021-05-26T19:38:27.014Z"}
{"message":"[get:journals/2227-9067]","level":"info","timestamp":"2021-05-26T19:38:27.215Z"}
{"message":"[get:journals/2079-6412]","level":"info","timestamp":"2021-05-26T19:38:27.417Z"}
{"message":"[get:journals/2073-4352]","level":"info","timestamp":"2021-05-26T19:38:27.619Z"}
{"message":"[get:journals/2079-9292]","level":"info","timestamp":"2021-05-26T19:38:27.820Z"}
{"message":"[get:journals/2075-4418]","level":"info","timestamp":"2021-05-26T19:38:28.022Z"}
{"message":"[get:journals/1424-2818]","level":"info","timestamp":"2021-05-26T19:38:28.224Z"}
{"message":"[get:journals/2504-446X]","level":"info","timestamp":"2021-05-26T19:38:28.425Z"}
{"message":"[get:journals/1996-1073]","level":"info","timestamp":"2021-05-26T19:38:28.627Z"}
{"message":"[get:journals/1099-4300]","level":"info","timestamp":"2021-05-26T19:38:28.829Z"}
{"message":"[get:journals/2311-5637]","level":"info","timestamp":"2021-05-26T19:38:29.030Z"}
{"message":"[get:journals/2571-6255]","level":"info","timestamp":"2021-05-26T19:38:29.232Z"}
{"message":"[get:journals/2410-3888]","level":"info","timestamp":"2021-05-26T19:38:29.434Z"}
{"message":"[get:journals/2227-9032]","level":"info","timestamp":"2021-05-26T19:38:29.635Z"}
{"message":"[get:journals/2304-8158]","level":"info","timestamp":"2021-05-26T19:38:29.837Z"}
{"message":"[get:journals/2504-3110]","level":"info","timestamp":"2021-05-26T19:38:30.039Z"}
{"message":"[get:journals/1999-4907]","level":"info","timestamp":"2021-05-26T19:38:30.241Z"}
{"message":"[get:journals/2310-2861]","level":"info","timestamp":"2021-05-26T19:38:30.442Z"}
{"message":"[get:journals/2073-4425]","level":"info","timestamp":"2021-05-26T19:38:30.644Z"}
{"message":"[get:journals/2311-7524]","level":"info","timestamp":"2021-05-26T19:38:30.845Z"}
{"message":"[get:journals/2075-4450]","level":"info","timestamp":"2021-05-26T19:38:31.047Z"}
{"message":"[get:journals/1660-4601]","level":"info","timestamp":"2021-05-26T19:38:31.249Z"}
{"message":"[get:journals/1422-0067]","level":"info","timestamp":"2021-05-26T19:38:31.451Z"}
{"message":"[get:journals/2220-9964]","level":"info","timestamp":"2021-05-26T19:38:31.652Z"}
{"message":"[get:journals/2308-3425]","level":"info","timestamp":"2021-05-26T19:38:31.854Z"}
{"message":"[get:journals/2077-0383]","level":"info","timestamp":"2021-05-26T19:38:32.055Z"}
{"message":"[get:journals/2309-608X]","level":"info","timestamp":"2021-05-26T19:38:32.257Z"}
{"message":"[get:journals/2077-1312]","level":"info","timestamp":"2021-05-26T19:38:32.459Z"}
{"message":"[get:journals/2075-4426]","level":"info","timestamp":"2021-05-26T19:38:32.661Z"}
{"message":"[get:journals/2075-1729]","level":"info","timestamp":"2021-05-26T19:38:32.862Z"}
{"message":"[get:journals/2075-1702]","level":"info","timestamp":"2021-05-26T19:38:33.064Z"}
{"message":"[get:journals/1996-1944]","level":"info","timestamp":"2021-05-26T19:38:33.266Z"}
{"message":"[get:journals/2312-7481]","level":"info","timestamp":"2021-05-26T19:38:33.467Z"}
{"message":"[get:journals/1660-3397]","level":"info","timestamp":"2021-05-26T19:38:33.669Z"}
{"message":"[get:journals/1648-9144]","level":"info","timestamp":"2021-05-26T19:38:33.871Z"}
{"message":"[get:journals/2227-7390]","level":"info","timestamp":"2021-05-26T19:38:34.072Z"}
{"message":"[get:journals/2077-0375]","level":"info","timestamp":"2021-05-26T19:38:34.274Z"}
{"message":"[get:journals/2218-1989]","level":"info","timestamp":"2021-05-26T19:38:34.476Z"}
{"message":"[get:journals/2075-4701]","level":"info","timestamp":"2021-05-26T19:38:34.677Z"}
{"message":"[get:journals/2072-666X]","level":"info","timestamp":"2021-05-26T19:38:34.879Z"}
{"message":"[get:journals/2076-2607]","level":"info","timestamp":"2021-05-26T19:38:35.081Z"}
{"message":"[get:journals/2075-163X]","level":"info","timestamp":"2021-05-26T19:38:35.282Z"}
{"message":"[get:journals/1420-3049]","level":"info","timestamp":"2021-05-26T19:38:35.484Z"}
{"message":"[get:journals/2079-4991]","level":"info","timestamp":"2021-05-26T19:38:35.686Z"}
{"message":"[get:journals/2072-6643]","level":"info","timestamp":"2021-05-26T19:38:35.887Z"}
{"message":"[get:journals/2076-0817]","level":"info","timestamp":"2021-05-26T19:38:36.089Z"}
{"message":"[get:journals/1424-8247]","level":"info","timestamp":"2021-05-26T19:38:36.291Z"}
{"message":"[get:journals/1999-4923]","level":"info","timestamp":"2021-05-26T19:38:36.492Z"}
{"message":"[get:journals/2304-6732]","level":"info","timestamp":"2021-05-26T19:38:36.694Z"}
{"message":"[get:journals/2297-8739]","level":"info","timestamp":"2021-05-26T19:38:36.896Z"}
{"message":"[get:journals/2223-7747]","level":"info","timestamp":"2021-05-26T19:38:37.097Z"}
{"message":"[get:journals/2073-4360]","level":"info","timestamp":"2021-05-26T19:38:37.299Z"}
{"message":"[get:journals/2227-9717]","level":"info","timestamp":"2021-05-26T19:38:37.501Z"}
{"message":"[get:journals/2072-4292]","level":"info","timestamp":"2021-05-26T19:38:37.702Z"}
{"message":"[get:journals/1424-8220]","level":"info","timestamp":"2021-05-26T19:38:37.904Z"}
{"message":"[get:journals/2071-1050]","level":"info","timestamp":"2021-05-26T19:38:38.106Z"}
{"message":"[get:journals/2073-8994]","level":"info","timestamp":"2021-05-26T19:38:38.307Z"}
{"message":"[get:journals/2379-139X]","level":"info","timestamp":"2021-05-26T19:38:38.509Z"}
{"message":"[get:journals/2305-6304]","level":"info","timestamp":"2021-05-26T19:38:38.711Z"}
{"message":"[get:journals/2072-6651]","level":"info","timestamp":"2021-05-26T19:38:38.912Z"}
{"message":"[get:journals/2218-1997]","level":"info","timestamp":"2021-05-26T19:38:39.114Z"}
{"message":"[get:journals/2076-393X]","level":"info","timestamp":"2021-05-26T19:38:39.316Z"}
{"message":"[get:journals/2306-7381]","level":"info","timestamp":"2021-05-26T19:38:39.517Z"}
{"message":"[get:journals/1999-4915]","level":"info","timestamp":"2021-05-26T19:38:39.719Z"}
{"message":"[get:journals/2073-4441]","level":"info","timestamp":"2021-05-26T19:38:39.921Z"}
{"message":"[head:(a)=> {console.log(a)}]","level":"info","timestamp":"2021-05-26T19:40:05.082Z"}
{"message":"[head:journals/2379-139X]","level":"info","timestamp":"2021-05-26T19:40:06.399Z"}
{"message":"[get:journals/2379-139X]","level":"info","timestamp":"2021-05-26T19:40:06.881Z"}
{"message":"[head:(a)=> {console.log(a.headers)}]","level":"info","timestamp":"2021-05-26T19:40:34.010Z"}
{"message":"[head:undefined]","level":"info","timestamp":"2021-05-26T19:41:12.103Z"}
{"message":"[head:journals/2379-139X]","level":"info","timestamp":"2021-05-26T19:41:14.761Z"}
{"message":"[get:journals/2379-139X]","level":"info","timestamp":"2021-05-26T19:41:15.252Z"}
{"message":"[head:undefined]","level":"info","timestamp":"2021-05-26T19:41:24.975Z"}
{"message":"[head:journals/2226-4310]","level":"info","timestamp":"2021-05-26T19:43:14.755Z"}
{"message":"[head:journals/2077-0472]","level":"info","timestamp":"2021-05-26T19:43:14.957Z"}
{"message":"[head:journals/2073-4395]","level":"info","timestamp":"2021-05-26T19:43:15.158Z"}
{"message":"[head:journals/2076-2615]","level":"info","timestamp":"2021-05-26T19:43:15.360Z"}
{"message":"[head:journals/2079-6382]","level":"info","timestamp":"2021-05-26T19:43:15.561Z"}
{"message":"[head:journals/2076-3921]","level":"info","timestamp":"2021-05-26T19:43:15.763Z"}
{"message":"[head:journals/2076-3417]","level":"info","timestamp":"2021-05-26T19:43:15.965Z"}
{"message":"[head:journals/2075-1680]","level":"info","timestamp":"2021-05-26T19:43:16.217Z"}
{"message":"[head:journals/2076-3425]","level":"info","timestamp":"2021-05-26T19:43:16.429Z"}
{"message":"[head:journals/2075-5309]","level":"info","timestamp":"2021-05-26T19:43:16.632Z"}
{"message":"[head:journals/2072-6694]","level":"info","timestamp":"2021-05-26T19:43:16.834Z"}
{"message":"[head:journals/2073-4344]","level":"info","timestamp":"2021-05-26T19:43:17.035Z"}
{"message":"[head:journals/2073-4409]","level":"info","timestamp":"2021-05-26T19:43:17.237Z"}
{"message":"[head:journals/2073-4433]","level":"info","timestamp":"2021-05-26T19:43:17.439Z"}
{"message":"[head:journals/2079-7737]","level":"info","timestamp":"2021-05-26T19:43:17.711Z"}
{"message":"[head:journals/2227-9059]","level":"info","timestamp":"2021-05-26T19:43:17.919Z"}
{"message":"[head:journals/2218-273X]","level":"info","timestamp":"2021-05-26T19:43:18.147Z"}
{"message":"[head:journals/2079-6374]","level":"info","timestamp":"2021-05-26T19:43:18.391Z"}
{"message":"[head:journals/2227-9040]","level":"info","timestamp":"2021-05-26T19:43:18.602Z"}
{"message":"[head:journals/2227-9067]","level":"info","timestamp":"2021-05-26T19:43:18.804Z"}
{"message":"[head:journals/2079-6412]","level":"info","timestamp":"2021-05-26T19:43:19.005Z"}
{"message":"[head:journals/2073-4352]","level":"info","timestamp":"2021-05-26T19:43:19.207Z"}
{"message":"[head:journals/1467-3045]","level":"info","timestamp":"2021-05-26T19:43:19.409Z"}
{"message":"[head:journals/2075-4418]","level":"info","timestamp":"2021-05-26T19:43:19.610Z"}
{"message":"[head:journals/1424-2818]","level":"info","timestamp":"2021-05-26T19:43:19.853Z"}
{"message":"[head:journals/2504-446X]","level":"info","timestamp":"2021-05-26T19:43:20.058Z"}
{"message":"[head:journals/2079-9292]","level":"info","timestamp":"2021-05-26T19:43:20.303Z"}
{"message":"[head:journals/1996-1073]","level":"info","timestamp":"2021-05-26T19:43:20.510Z"}
{"message":"[head:journals/1099-4300]","level":"info","timestamp":"2021-05-26T19:43:20.730Z"}
{"message":"[head:journals/2311-5637]","level":"info","timestamp":"2021-05-26T19:43:20.936Z"}
{"message":"[head:journals/2504-3110]","level":"info","timestamp":"2021-05-26T19:43:21.137Z"}
{"message":"[head:journals/2571-6255]","level":"info","timestamp":"2021-05-26T19:43:21.348Z"}
{"message":"[head:journals/2410-3888]","level":"info","timestamp":"2021-05-26T19:43:21.579Z"}
{"message":"[head:journals/2304-8158]","level":"info","timestamp":"2021-05-26T19:43:21.852Z"}
{"message":"[head:journals/1999-4907]","level":"info","timestamp":"2021-05-26T19:43:22.084Z"}
{"message":"[head:journals/2310-2861]","level":"info","timestamp":"2021-05-26T19:43:22.297Z"}
{"message":"[head:journals/2073-4425]","level":"info","timestamp":"2021-05-26T19:43:22.504Z"}
{"message":"[head:journals/2227-9032]","level":"info","timestamp":"2021-05-26T19:43:22.713Z"}
{"message":"[head:journals/2311-7524]","level":"info","timestamp":"2021-05-26T19:43:22.915Z"}
{"message":"[head:journals/2075-4450]","level":"info","timestamp":"2021-05-26T19:43:23.116Z"}
{"message":"[head:journals/1660-4601]","level":"info","timestamp":"2021-05-26T19:43:23.318Z"}
{"message":"[head:journals/1422-0067]","level":"info","timestamp":"2021-05-26T19:43:23.520Z"}
{"message":"[head:journals/2220-9964]","level":"info","timestamp":"2021-05-26T19:43:23.721Z"}
{"message":"[head:journals/2308-3425]","level":"info","timestamp":"2021-05-26T19:43:23.959Z"}
{"message":"[head:journals/2077-0383]","level":"info","timestamp":"2021-05-26T19:43:24.163Z"}
{"message":"[head:journals/2309-608X]","level":"info","timestamp":"2021-05-26T19:43:24.373Z"}
{"message":"[head:journals/2077-1312]","level":"info","timestamp":"2021-05-26T19:43:24.627Z"}
{"message":"[head:journals/2075-4426]","level":"info","timestamp":"2021-05-26T19:43:24.873Z"}
{"message":"[head:journals/2227-7390]","level":"info","timestamp":"2021-05-26T19:43:25.109Z"}
{"message":"[head:journals/2075-1729]","level":"info","timestamp":"2021-05-26T19:43:25.362Z"}
{"message":"[head:journals/2075-1702]","level":"info","timestamp":"2021-05-26T19:43:25.569Z"}
{"message":"[head:journals/2312-7481]","level":"info","timestamp":"2021-05-26T19:43:25.769Z"}
{"message":"[head:journals/1660-3397]","level":"info","timestamp":"2021-05-26T19:43:26.004Z"}
{"message":"[head:journals/1996-1944]","level":"info","timestamp":"2021-05-26T19:43:26.265Z"}
{"message":"[head:journals/1648-9144]","level":"info","timestamp":"2021-05-26T19:43:26.523Z"}
{"message":"[head:journals/2077-0375]","level":"info","timestamp":"2021-05-26T19:43:26.771Z"}
{"message":"[head:journals/2218-1989]","level":"info","timestamp":"2021-05-26T19:43:26.977Z"}
{"message":"[head:journals/2075-4701]","level":"info","timestamp":"2021-05-26T19:43:27.181Z"}
{"message":"[head:journals/2072-666X]","level":"info","timestamp":"2021-05-26T19:43:27.423Z"}
{"message":"[head:journals/2076-2607]","level":"info","timestamp":"2021-05-26T19:43:27.651Z"}
{"message":"[head:journals/2075-163X]","level":"info","timestamp":"2021-05-26T19:43:27.925Z"}
{"message":"[head:journals/1420-3049]","level":"info","timestamp":"2021-05-26T19:43:28.165Z"}
{"message":"[head:journals/2079-4991]","level":"info","timestamp":"2021-05-26T19:43:28.424Z"}
{"message":"[head:journals/2072-6643]","level":"info","timestamp":"2021-05-26T19:43:28.664Z"}
{"message":"[head:journals/2076-0817]","level":"info","timestamp":"2021-05-26T19:43:28.927Z"}
{"message":"[head:journals/1424-8247]","level":"info","timestamp":"2021-05-26T19:43:29.127Z"}
{"message":"[head:journals/1999-4923]","level":"info","timestamp":"2021-05-26T19:43:29.370Z"}
{"message":"[head:journals/2304-6732]","level":"info","timestamp":"2021-05-26T19:43:29.570Z"}
{"message":"[head:journals/2223-7747]","level":"info","timestamp":"2021-05-26T19:43:29.772Z"}
{"message":"[head:journals/2073-4360]","level":"info","timestamp":"2021-05-26T19:43:29.973Z"}
{"message":"[head:journals/2227-9717]","level":"info","timestamp":"2021-05-26T19:43:30.175Z"}
{"message":"[head:journals/2072-4292]","level":"info","timestamp":"2021-05-26T19:43:30.377Z"}
{"message":"[head:journals/1424-8220]","level":"info","timestamp":"2021-05-26T19:43:30.578Z"}
{"message":"[head:journals/2297-8739]","level":"info","timestamp":"2021-05-26T19:43:30.780Z"}
{"message":"[head:journals/2071-1050]","level":"info","timestamp":"2021-05-26T19:43:30.982Z"}
{"message":"[head:journals/2306-7381]","level":"info","timestamp":"2021-05-26T19:43:31.183Z"}
{"message":"[head:journals/2073-8994]","level":"info","timestamp":"2021-05-26T19:43:31.385Z"}
{"message":"[head:journals/2379-139X]","level":"info","timestamp":"2021-05-26T19:43:31.587Z"}
{"message":"[head:journals/2305-6304]","level":"info","timestamp":"2021-05-26T19:43:31.846Z"}
{"message":"[head:journals/2072-6651]","level":"info","timestamp":"2021-05-26T19:43:32.052Z"}
{"message":"[head:journals/2218-1997]","level":"info","timestamp":"2021-05-26T19:43:32.254Z"}
{"message":"[head:journals/2076-393X]","level":"info","timestamp":"2021-05-26T19:43:32.501Z"}
{"message":"[head:journals/1999-4915]","level":"info","timestamp":"2021-05-26T19:43:32.737Z"}
{"message":"[head:journals/2073-4441]","level":"info","timestamp":"2021-05-26T19:43:32.998Z"}
{"message":"[get:journals/2226-4310]","level":"info","timestamp":"2021-05-26T19:43:33.198Z"}
{"message":"[get:journals/2077-0472]","level":"info","timestamp":"2021-05-26T19:43:33.402Z"}
{"message":"[get:journals/2073-4395]","level":"info","timestamp":"2021-05-26T19:43:33.603Z"}
{"message":"[get:journals/2076-2615]","level":"info","timestamp":"2021-05-26T19:43:33.805Z"}
{"message":"[get:journals/2079-6382]","level":"info","timestamp":"2021-05-26T19:43:34.007Z"}
{"message":"[get:journals/2076-3921]","level":"info","timestamp":"2021-05-26T19:43:34.208Z"}
{"message":"[get:journals/2076-3417]","level":"info","timestamp":"2021-05-26T19:43:34.410Z"}
{"message":"[get:journals/2075-1680]","level":"info","timestamp":"2021-05-26T19:43:34.612Z"}
{"message":"[get:journals/2076-3425]","level":"info","timestamp":"2021-05-26T19:43:34.813Z"}
{"message":"[get:journals/2075-5309]","level":"info","timestamp":"2021-05-26T19:43:35.015Z"}
{"message":"[get:journals/2072-6694]","level":"info","timestamp":"2021-05-26T19:43:35.217Z"}
{"message":"[get:journals/2073-4344]","level":"info","timestamp":"2021-05-26T19:43:35.418Z"}
{"message":"[get:journals/2073-4409]","level":"info","timestamp":"2021-05-26T19:43:35.620Z"}
{"message":"[get:journals/2073-4433]","level":"info","timestamp":"2021-05-26T19:43:35.822Z"}
{"message":"[get:journals/2079-7737]","level":"info","timestamp":"2021-05-26T19:43:36.024Z"}
{"message":"[get:journals/2227-9059]","level":"info","timestamp":"2021-05-26T19:43:36.225Z"}
{"message":"[get:journals/2218-273X]","level":"info","timestamp":"2021-05-26T19:43:36.427Z"}
{"message":"[get:journals/2079-6374]","level":"info","timestamp":"2021-05-26T19:43:36.629Z"}
{"message":"[get:journals/2227-9040]","level":"info","timestamp":"2021-05-26T19:43:36.830Z"}
{"message":"[get:journals/2227-9067]","level":"info","timestamp":"2021-05-26T19:43:37.032Z"}
{"message":"[get:journals/2079-6412]","level":"info","timestamp":"2021-05-26T19:43:37.234Z"}
{"message":"[get:journals/2073-4352]","level":"info","timestamp":"2021-05-26T19:43:37.435Z"}
{"message":"[get:journals/1467-3045]","level":"info","timestamp":"2021-05-26T19:43:37.637Z"}
{"message":"[get:journals/2075-4418]","level":"info","timestamp":"2021-05-26T19:43:37.839Z"}
{"message":"[get:journals/1424-2818]","level":"info","timestamp":"2021-05-26T19:43:38.040Z"}
{"message":"[get:journals/2504-446X]","level":"info","timestamp":"2021-05-26T19:43:38.242Z"}
{"message":"[get:journals/2079-9292]","level":"info","timestamp":"2021-05-26T19:43:38.444Z"}
{"message":"[get:journals/1996-1073]","level":"info","timestamp":"2021-05-26T19:43:38.645Z"}
{"message":"[get:journals/1099-4300]","level":"info","timestamp":"2021-05-26T19:43:38.847Z"}
{"message":"[get:journals/2311-5637]","level":"info","timestamp":"2021-05-26T19:43:39.049Z"}
{"message":"[get:journals/2504-3110]","level":"info","timestamp":"2021-05-26T19:43:39.250Z"}
{"message":"[get:journals/2571-6255]","level":"info","timestamp":"2021-05-26T19:43:39.452Z"}
{"message":"[get:journals/2410-3888]","level":"info","timestamp":"2021-05-26T19:43:39.654Z"}
{"message":"[get:journals/2304-8158]","level":"info","timestamp":"2021-05-26T19:43:39.855Z"}
{"message":"[get:journals/1999-4907]","level":"info","timestamp":"2021-05-26T19:43:40.057Z"}
{"message":"[get:journals/2310-2861]","level":"info","timestamp":"2021-05-26T19:43:40.259Z"}
{"message":"[get:journals/2073-4425]","level":"info","timestamp":"2021-05-26T19:43:40.460Z"}
{"message":"[get:journals/2227-9032]","level":"info","timestamp":"2021-05-26T19:43:40.662Z"}
{"message":"[get:journals/2311-7524]","level":"info","timestamp":"2021-05-26T19:43:40.864Z"}
{"message":"[get:journals/2075-4450]","level":"info","timestamp":"2021-05-26T19:43:41.065Z"}
{"message":"[get:journals/1660-4601]","level":"info","timestamp":"2021-05-26T19:43:41.267Z"}
{"message":"[get:journals/1422-0067]","level":"info","timestamp":"2021-05-26T19:43:41.469Z"}
{"message":"[get:journals/2220-9964]","level":"info","timestamp":"2021-05-26T19:43:41.670Z"}
{"message":"[get:journals/2308-3425]","level":"info","timestamp":"2021-05-26T19:43:41.872Z"}
{"message":"[get:journals/2077-0383]","level":"info","timestamp":"2021-05-26T19:43:42.074Z"}
{"message":"[get:journals/2309-608X]","level":"info","timestamp":"2021-05-26T19:43:42.275Z"}
{"message":"[get:journals/2077-1312]","level":"info","timestamp":"2021-05-26T19:43:42.477Z"}
{"message":"[get:journals/2075-4426]","level":"info","timestamp":"2021-05-26T19:43:42.679Z"}
{"message":"[get:journals/2227-7390]","level":"info","timestamp":"2021-05-26T19:43:42.880Z"}
{"message":"[get:journals/2075-1729]","level":"info","timestamp":"2021-05-26T19:43:43.082Z"}
{"message":"[get:journals/2075-1702]","level":"info","timestamp":"2021-05-26T19:43:43.284Z"}
{"message":"[get:journals/2312-7481]","level":"info","timestamp":"2021-05-26T19:43:43.485Z"}
{"message":"[get:journals/1660-3397]","level":"info","timestamp":"2021-05-26T19:43:43.687Z"}
{"message":"[get:journals/1996-1944]","level":"info","timestamp":"2021-05-26T19:43:43.889Z"}
{"message":"[get:journals/1648-9144]","level":"info","timestamp":"2021-05-26T19:43:44.090Z"}
{"message":"[get:journals/2077-0375]","level":"info","timestamp":"2021-05-26T19:43:44.292Z"}
{"message":"[get:journals/2218-1989]","level":"info","timestamp":"2021-05-26T19:43:44.494Z"}
{"message":"[get:journals/2075-4701]","level":"info","timestamp":"2021-05-26T19:43:44.695Z"}
{"message":"[get:journals/2072-666X]","level":"info","timestamp":"2021-05-26T19:43:44.897Z"}
{"message":"[get:journals/2076-2607]","level":"info","timestamp":"2021-05-26T19:43:45.099Z"}
{"message":"[get:journals/2075-163X]","level":"info","timestamp":"2021-05-26T19:43:45.300Z"}
{"message":"[get:journals/1420-3049]","level":"info","timestamp":"2021-05-26T19:43:45.502Z"}
{"message":"[get:journals/2079-4991]","level":"info","timestamp":"2021-05-26T19:43:45.704Z"}
{"message":"[get:journals/2072-6643]","level":"info","timestamp":"2021-05-26T19:43:45.906Z"}
{"message":"[get:journals/2076-0817]","level":"info","timestamp":"2021-05-26T19:43:46.107Z"}
{"message":"[get:journals/1424-8247]","level":"info","timestamp":"2021-05-26T19:43:46.309Z"}
{"message":"[get:journals/1999-4923]","level":"info","timestamp":"2021-05-26T19:43:46.510Z"}
{"message":"[get:journals/2304-6732]","level":"info","timestamp":"2021-05-26T19:43:46.712Z"}
{"message":"[get:journals/2223-7747]","level":"info","timestamp":"2021-05-26T19:43:46.914Z"}
{"message":"[get:journals/2073-4360]","level":"info","timestamp":"2021-05-26T19:43:47.116Z"}
{"message":"[get:journals/2227-9717]","level":"info","timestamp":"2021-05-26T19:43:47.318Z"}
{"message":"[get:journals/2072-4292]","level":"info","timestamp":"2021-05-26T19:43:47.519Z"}
{"message":"[get:journals/1424-8220]","level":"info","timestamp":"2021-05-26T19:43:47.721Z"}
{"message":"[get:journals/2297-8739]","level":"info","timestamp":"2021-05-26T19:43:47.922Z"}
{"message":"[get:journals/2071-1050]","level":"info","timestamp":"2021-05-26T19:43:48.124Z"}
{"message":"[get:journals/2306-7381]","level":"info","timestamp":"2021-05-26T19:43:48.326Z"}
{"message":"[get:journals/2073-8994]","level":"info","timestamp":"2021-05-26T19:43:48.527Z"}
{"message":"[get:journals/2379-139X]","level":"info","timestamp":"2021-05-26T19:43:48.729Z"}
{"message":"[get:journals/2305-6304]","level":"info","timestamp":"2021-05-26T19:43:48.931Z"}
{"message":"[get:journals/2072-6651]","level":"info","timestamp":"2021-05-26T19:43:49.132Z"}
{"message":"[get:journals/2218-1997]","level":"info","timestamp":"2021-05-26T19:43:49.334Z"}
{"message":"[get:journals/2076-393X]","level":"info","timestamp":"2021-05-26T19:43:49.536Z"}
{"message":"[get:journals/1999-4915]","level":"info","timestamp":"2021-05-26T19:43:49.737Z"}
{"message":"[get:journals/2073-4441]","level":"info","timestamp":"2021-05-26T19:43:49.939Z"}
{"message":"[head:undefined]","level":"info","timestamp":"2021-05-26T19:44:07.531Z"}
{"message":"[head:undefined]","level":"info","timestamp":"2021-05-26T19:44:21.447Z"}
{"message":"[head:journals/2379-139X]","level":"info","timestamp":"2021-05-26T19:44:22.886Z"}
{"message":"[get:journals/2379-139X]","level":"info","timestamp":"2021-05-26T19:44:23.364Z"}
{"message":"[head:journals/2379-139X]","level":"info","timestamp":"2021-05-26T19:44:37.072Z"}
{"message":"[get:journals/2379-139X]","level":"info","timestamp":"2021-05-26T19:44:37.507Z"}
{"message":"[head:undefined]","level":"info","timestamp":"2021-05-26T19:44:51.577Z"}
{"message":"[head:journals/2226-4310]","level":"info","timestamp":"2021-05-26T19:44:53.484Z"}
{"message":"[head:journals/2077-0472]","level":"info","timestamp":"2021-05-26T19:44:53.699Z"}
{"message":"[head:journals/2073-4395]","level":"info","timestamp":"2021-05-26T19:44:53.958Z"}
{"message":"[head:journals/2076-2615]","level":"info","timestamp":"2021-05-26T19:44:54.178Z"}
{"message":"[head:journals/2079-6382]","level":"info","timestamp":"2021-05-26T19:44:54.422Z"}
{"message":"[head:journals/2076-3921]","level":"info","timestamp":"2021-05-26T19:44:54.630Z"}
{"message":"[head:journals/2076-3417]","level":"info","timestamp":"2021-05-26T19:44:54.831Z"}
{"message":"[head:journals/2073-4433]","level":"info","timestamp":"2021-05-26T19:44:55.033Z"}
{"message":"[head:journals/2227-9059]","level":"info","timestamp":"2021-05-26T19:44:55.235Z"}
{"message":"[head:journals/2218-273X]","level":"info","timestamp":"2021-05-26T19:44:55.436Z"}
{"message":"[head:journals/2079-6374]","level":"info","timestamp":"2021-05-26T19:44:55.638Z"}
{"message":"[head:journals/2076-3425]","level":"info","timestamp":"2021-05-26T19:44:55.840Z"}
{"message":"[head:journals/2075-5309]","level":"info","timestamp":"2021-05-26T19:44:56.080Z"}
{"message":"[head:journals/2072-6694]","level":"info","timestamp":"2021-05-26T19:44:56.289Z"}
{"message":"[head:journals/2073-4344]","level":"info","timestamp":"2021-05-26T19:44:56.534Z"}
{"message":"[head:journals/2073-4409]","level":"info","timestamp":"2021-05-26T19:44:56.778Z"}
{"message":"[head:journals/2075-1680]","level":"info","timestamp":"2021-05-26T19:44:57.021Z"}
{"message":"[head:journals/2079-7737]","level":"info","timestamp":"2021-05-26T19:44:57.251Z"}
{"message":"[head:journals/2227-9040]","level":"info","timestamp":"2021-05-26T19:44:57.486Z"}
{"message":"[head:journals/2227-9067]","level":"info","timestamp":"2021-05-26T19:44:57.686Z"}
{"message":"[head:journals/2079-6412]","level":"info","timestamp":"2021-05-26T19:44:57.903Z"}
{"message":"[head:journals/2073-4352]","level":"info","timestamp":"2021-05-26T19:44:58.104Z"}
{"message":"[head:journals/1467-3045]","level":"info","timestamp":"2021-05-26T19:44:58.322Z"}
{"message":"[head:journals/2075-4418]","level":"info","timestamp":"2021-05-26T19:44:58.523Z"}
{"message":"[head:journals/1424-2818]","level":"info","timestamp":"2021-05-26T19:44:58.756Z"}
{"message":"[head:journals/2504-446X]","level":"info","timestamp":"2021-05-26T19:44:58.958Z"}
{"message":"[head:journals/2079-9292]","level":"info","timestamp":"2021-05-26T19:44:59.185Z"}
{"message":"[head:journals/1996-1073]","level":"info","timestamp":"2021-05-26T19:44:59.388Z"}
{"message":"[head:journals/1099-4300]","level":"info","timestamp":"2021-05-26T19:44:59.605Z"}
{"message":"[head:journals/2311-5637]","level":"info","timestamp":"2021-05-26T19:44:59.811Z"}
{"message":"[head:journals/2571-6255]","level":"info","timestamp":"2021-05-26T19:45:00.052Z"}
{"message":"[head:journals/2410-3888]","level":"info","timestamp":"2021-05-26T19:45:00.293Z"}
{"message":"[head:journals/2304-8158]","level":"info","timestamp":"2021-05-26T19:45:00.533Z"}
{"message":"[head:journals/1999-4907]","level":"info","timestamp":"2021-05-26T19:45:00.763Z"}
{"message":"[head:journals/2504-3110]","level":"info","timestamp":"2021-05-26T19:45:01.013Z"}
{"message":"[head:journals/2310-2861]","level":"info","timestamp":"2021-05-26T19:45:01.251Z"}
{"message":"[head:journals/2073-4425]","level":"info","timestamp":"2021-05-26T19:45:01.455Z"}
{"message":"[head:journals/2227-9032]","level":"info","timestamp":"2021-05-26T19:45:01.666Z"}
{"message":"[head:journals/2311-7524]","level":"info","timestamp":"2021-05-26T19:45:01.874Z"}
{"message":"[head:journals/2075-4450]","level":"info","timestamp":"2021-05-26T19:45:02.076Z"}
{"message":"[head:journals/1660-4601]","level":"info","timestamp":"2021-05-26T19:45:02.327Z"}
{"message":"[head:journals/1422-0067]","level":"info","timestamp":"2021-05-26T19:45:02.560Z"}
{"message":"[head:journals/2220-9964]","level":"info","timestamp":"2021-05-26T19:45:02.761Z"}
{"message":"[head:journals/2308-3425]","level":"info","timestamp":"2021-05-26T19:45:02.985Z"}
{"message":"[head:journals/2077-0383]","level":"info","timestamp":"2021-05-26T19:45:03.185Z"}
{"message":"[head:journals/2309-608X]","level":"info","timestamp":"2021-05-26T19:45:03.425Z"}
{"message":"[head:journals/2077-1312]","level":"info","timestamp":"2021-05-26T19:45:03.627Z"}
{"message":"[head:journals/2075-4426]","level":"info","timestamp":"2021-05-26T19:45:03.829Z"}
{"message":"[head:journals/2075-1729]","level":"info","timestamp":"2021-05-26T19:45:04.031Z"}
{"message":"[head:journals/2075-1702]","level":"info","timestamp":"2021-05-26T19:45:04.273Z"}
{"message":"[head:journals/2312-7481]","level":"info","timestamp":"2021-05-26T19:45:04.480Z"}
{"message":"[head:journals/1660-3397]","level":"info","timestamp":"2021-05-26T19:45:04.682Z"}
{"message":"[head:journals/1996-1944]","level":"info","timestamp":"2021-05-26T19:45:04.915Z"}
{"message":"[head:journals/2227-7390]","level":"info","timestamp":"2021-05-26T19:45:05.116Z"}
{"message":"[head:journals/1648-9144]","level":"info","timestamp":"2021-05-26T19:45:05.353Z"}
{"message":"[head:journals/2077-0375]","level":"info","timestamp":"2021-05-26T19:45:05.602Z"}
{"message":"[head:journals/2218-1989]","level":"info","timestamp":"2021-05-26T19:45:05.815Z"}
{"message":"[head:journals/2075-4701]","level":"info","timestamp":"2021-05-26T19:45:06.026Z"}
{"message":"[head:journals/1420-3049]","level":"info","timestamp":"2021-05-26T19:45:06.234Z"}
{"message":"[head:journals/2072-666X]","level":"info","timestamp":"2021-05-26T19:45:06.435Z"}
{"message":"[head:journals/2076-2607]","level":"info","timestamp":"2021-05-26T19:45:06.687Z"}
{"message":"[head:journals/2075-163X]","level":"info","timestamp":"2021-05-26T19:45:06.908Z"}
{"message":"[head:journals/2079-4991]","level":"info","timestamp":"2021-05-26T19:45:07.113Z"}
{"message":"[head:journals/2072-6643]","level":"info","timestamp":"2021-05-26T19:45:07.342Z"}
{"message":"[head:journals/2076-0817]","level":"info","timestamp":"2021-05-26T19:45:07.552Z"}
{"message":"[head:journals/1424-8247]","level":"info","timestamp":"2021-05-26T19:45:07.754Z"}
{"message":"[head:journals/1999-4923]","level":"info","timestamp":"2021-05-26T19:45:07.955Z"}
{"message":"[head:journals/2071-1050]","level":"info","timestamp":"2021-05-26T19:45:08.162Z"}
{"message":"[head:journals/2304-6732]","level":"info","timestamp":"2021-05-26T19:45:08.377Z"}
{"message":"[head:journals/2223-7747]","level":"info","timestamp":"2021-05-26T19:45:08.590Z"}
{"message":"[head:journals/2073-4360]","level":"info","timestamp":"2021-05-26T19:45:08.793Z"}
{"message":"[head:journals/2227-9717]","level":"info","timestamp":"2021-05-26T19:45:08.995Z"}
{"message":"[head:journals/2072-4292]","level":"info","timestamp":"2021-05-26T19:45:09.197Z"}
{"message":"[head:journals/1424-8220]","level":"info","timestamp":"2021-05-26T19:45:09.398Z"}
{"message":"[head:journals/2297-8739]","level":"info","timestamp":"2021-05-26T19:45:09.600Z"}
{"message":"[head:journals/2073-8994]","level":"info","timestamp":"2021-05-26T19:45:09.850Z"}
{"message":"[head:journals/2305-6304]","level":"info","timestamp":"2021-05-26T19:45:10.058Z"}
{"message":"[head:journals/2379-139X]","level":"info","timestamp":"2021-05-26T19:45:10.268Z"}
{"message":"[head:journals/2072-6651]","level":"info","timestamp":"2021-05-26T19:45:10.469Z"}
{"message":"[head:journals/2218-1997]","level":"info","timestamp":"2021-05-26T19:45:10.713Z"}
{"message":"[head:journals/2076-393X]","level":"info","timestamp":"2021-05-26T19:45:10.953Z"}
{"message":"[head:journals/2306-7381]","level":"info","timestamp":"2021-05-26T19:45:11.197Z"}
{"message":"[head:journals/1999-4915]","level":"info","timestamp":"2021-05-26T19:45:11.399Z"}
{"message":"[head:journals/2073-4441]","level":"info","timestamp":"2021-05-26T19:45:11.601Z"}
{"message":"[get:journals/2226-4310]","level":"info","timestamp":"2021-05-26T19:45:11.822Z"}
{"message":"[get:journals/2077-0472]","level":"info","timestamp":"2021-05-26T19:45:12.075Z"}
{"message":"[get:journals/2073-4395]","level":"info","timestamp":"2021-05-26T19:45:12.284Z"}
{"message":"[get:journals/2076-2615]","level":"info","timestamp":"2021-05-26T19:45:12.485Z"}
{"message":"[get:journals/2079-6382]","level":"info","timestamp":"2021-05-26T19:45:12.687Z"}
{"message":"[get:journals/2076-3921]","level":"info","timestamp":"2021-05-26T19:45:12.889Z"}
{"message":"[get:journals/2076-3417]","level":"info","timestamp":"2021-05-26T19:45:13.090Z"}
{"message":"[get:journals/2073-4433]","level":"info","timestamp":"2021-05-26T19:45:13.290Z"}
{"message":"[get:journals/2227-9059]","level":"info","timestamp":"2021-05-26T19:45:13.494Z"}
{"message":"[get:journals/2218-273X]","level":"info","timestamp":"2021-05-26T19:45:13.695Z"}
{"message":"[get:journals/2079-6374]","level":"info","timestamp":"2021-05-26T19:45:13.897Z"}
{"message":"[get:journals/2076-3425]","level":"info","timestamp":"2021-05-26T19:45:14.099Z"}
{"message":"[get:journals/2075-5309]","level":"info","timestamp":"2021-05-26T19:45:14.300Z"}
{"message":"[get:journals/2072-6694]","level":"info","timestamp":"2021-05-26T19:45:14.502Z"}
{"message":"[get:journals/2073-4344]","level":"info","timestamp":"2021-05-26T19:45:14.704Z"}
{"message":"[get:journals/2073-4409]","level":"info","timestamp":"2021-05-26T19:45:14.905Z"}
{"message":"[get:journals/2075-1680]","level":"info","timestamp":"2021-05-26T19:45:15.107Z"}
{"message":"[get:journals/2079-7737]","level":"info","timestamp":"2021-05-26T19:45:15.309Z"}
{"message":"[get:journals/2227-9040]","level":"info","timestamp":"2021-05-26T19:45:15.510Z"}
{"message":"[get:journals/2227-9067]","level":"info","timestamp":"2021-05-26T19:45:15.712Z"}
{"message":"[get:journals/2079-6412]","level":"info","timestamp":"2021-05-26T19:45:15.914Z"}
{"message":"[get:journals/2073-4352]","level":"info","timestamp":"2021-05-26T19:45:16.115Z"}
{"message":"[get:journals/1467-3045]","level":"info","timestamp":"2021-05-26T19:45:16.317Z"}
{"message":"[get:journals/2075-4418]","level":"info","timestamp":"2021-05-26T19:45:16.519Z"}
{"message":"[get:journals/1424-2818]","level":"info","timestamp":"2021-05-26T19:45:16.720Z"}
{"message":"[get:journals/2504-446X]","level":"info","timestamp":"2021-05-26T19:45:16.922Z"}
{"message":"[get:journals/2079-9292]","level":"info","timestamp":"2021-05-26T19:45:17.124Z"}
{"message":"[get:journals/1996-1073]","level":"info","timestamp":"2021-05-26T19:45:17.325Z"}
{"message":"[get:journals/1099-4300]","level":"info","timestamp":"2021-05-26T19:45:17.527Z"}
{"message":"[get:journals/2311-5637]","level":"info","timestamp":"2021-05-26T19:45:17.729Z"}
{"message":"[get:journals/2571-6255]","level":"info","timestamp":"2021-05-26T19:45:17.931Z"}
{"message":"[get:journals/2410-3888]","level":"info","timestamp":"2021-05-26T19:45:18.132Z"}
{"message":"[get:journals/2304-8158]","level":"info","timestamp":"2021-05-26T19:45:18.334Z"}
{"message":"[get:journals/1999-4907]","level":"info","timestamp":"2021-05-26T19:45:18.536Z"}
{"message":"[get:journals/2504-3110]","level":"info","timestamp":"2021-05-26T19:45:18.737Z"}
{"message":"[get:journals/2310-2861]","level":"info","timestamp":"2021-05-26T19:45:18.939Z"}
{"message":"[get:journals/2073-4425]","level":"info","timestamp":"2021-05-26T19:45:19.141Z"}
{"message":"[get:journals/2227-9032]","level":"info","timestamp":"2021-05-26T19:45:19.342Z"}
{"message":"[get:journals/2311-7524]","level":"info","timestamp":"2021-05-26T19:45:19.544Z"}
{"message":"[get:journals/2075-4450]","level":"info","timestamp":"2021-05-26T19:45:19.746Z"}
{"message":"[get:journals/1660-4601]","level":"info","timestamp":"2021-05-26T19:45:19.947Z"}
{"message":"[get:journals/1422-0067]","level":"info","timestamp":"2021-05-26T19:45:20.149Z"}
{"message":"[get:journals/2220-9964]","level":"info","timestamp":"2021-05-26T19:45:20.351Z"}
{"message":"[get:journals/2308-3425]","level":"info","timestamp":"2021-05-26T19:45:20.552Z"}
{"message":"[get:journals/2077-0383]","level":"info","timestamp":"2021-05-26T19:45:20.754Z"}
{"message":"[get:journals/2309-608X]","level":"info","timestamp":"2021-05-26T19:45:20.956Z"}
{"message":"[get:journals/2077-1312]","level":"info","timestamp":"2021-05-26T19:45:21.157Z"}
{"message":"[get:journals/2075-4426]","level":"info","timestamp":"2021-05-26T19:45:21.359Z"}
{"message":"[get:journals/2075-1729]","level":"info","timestamp":"2021-05-26T19:45:21.561Z"}
{"message":"[get:journals/2075-1702]","level":"info","timestamp":"2021-05-26T19:45:21.762Z"}
{"message":"[get:journals/2312-7481]","level":"info","timestamp":"2021-05-26T19:45:21.964Z"}
{"message":"[get:journals/1660-3397]","level":"info","timestamp":"2021-05-26T19:45:22.166Z"}
{"message":"[get:journals/1996-1944]","level":"info","timestamp":"2021-05-26T19:45:22.367Z"}
{"message":"[get:journals/2227-7390]","level":"info","timestamp":"2021-05-26T19:45:22.569Z"}
{"message":"[get:journals/1648-9144]","level":"info","timestamp":"2021-05-26T19:45:22.771Z"}
{"message":"[get:journals/2077-0375]","level":"info","timestamp":"2021-05-26T19:45:22.972Z"}
{"message":"[get:journals/2218-1989]","level":"info","timestamp":"2021-05-26T19:45:23.174Z"}
{"message":"[get:journals/2075-4701]","level":"info","timestamp":"2021-05-26T19:45:23.376Z"}
{"message":"[get:journals/1420-3049]","level":"info","timestamp":"2021-05-26T19:45:23.577Z"}
{"message":"[get:journals/2072-666X]","level":"info","timestamp":"2021-05-26T19:45:23.779Z"}
{"message":"[get:journals/2076-2607]","level":"info","timestamp":"2021-05-26T19:45:23.981Z"}
{"message":"[get:journals/2075-163X]","level":"info","timestamp":"2021-05-26T19:45:24.182Z"}
{"message":"[get:journals/2079-4991]","level":"info","timestamp":"2021-05-26T19:45:24.384Z"}
{"message":"[get:journals/2072-6643]","level":"info","timestamp":"2021-05-26T19:45:24.586Z"}
{"message":"[get:journals/2076-0817]","level":"info","timestamp":"2021-05-26T19:45:24.787Z"}
{"message":"[get:journals/1424-8247]","level":"info","timestamp":"2021-05-26T19:45:24.989Z"}
{"message":"[get:journals/1999-4923]","level":"info","timestamp":"2021-05-26T19:45:25.191Z"}
{"message":"[get:journals/2071-1050]","level":"info","timestamp":"2021-05-26T19:45:25.392Z"}
{"message":"[get:journals/2304-6732]","level":"info","timestamp":"2021-05-26T19:45:25.594Z"}
{"message":"[get:journals/2223-7747]","level":"info","timestamp":"2021-05-26T19:45:25.794Z"}
{"message":"[get:journals/2073-4360]","level":"info","timestamp":"2021-05-26T19:45:25.997Z"}
{"message":"[get:journals/2227-9717]","level":"info","timestamp":"2021-05-26T19:45:26.199Z"}
{"message":"[get:journals/2072-4292]","level":"info","timestamp":"2021-05-26T19:45:26.401Z"}
{"message":"[get:journals/1424-8220]","level":"info","timestamp":"2021-05-26T19:45:26.603Z"}
{"message":"[get:journals/2297-8739]","level":"info","timestamp":"2021-05-26T19:45:26.804Z"}
{"message":"[get:journals/2073-8994]","level":"info","timestamp":"2021-05-26T19:45:27.006Z"}
{"message":"[get:journals/2305-6304]","level":"info","timestamp":"2021-05-26T19:45:27.208Z"}
{"message":"[get:journals/2379-139X]","level":"info","timestamp":"2021-05-26T19:45:27.409Z"}
{"message":"[get:journals/2072-6651]","level":"info","timestamp":"2021-05-26T19:45:27.611Z"}
{"message":"[get:journals/2218-1997]","level":"info","timestamp":"2021-05-26T19:45:27.812Z"}
{"message":"[get:journals/2076-393X]","level":"info","timestamp":"2021-05-26T19:45:28.014Z"}
{"message":"[get:journals/2306-7381]","level":"info","timestamp":"2021-05-26T19:45:28.216Z"}
{"message":"[get:journals/1999-4915]","level":"info","timestamp":"2021-05-26T19:45:28.418Z"}
{"message":"[get:journals/2073-4441]","level":"info","timestamp":"2021-05-26T19:45:28.619Z"}
{"message":"[head:journals/2379-139X]","level":"info","timestamp":"2021-05-26T19:45:40.993Z"}
{"message":"[get:journals/2379-139X]","level":"info","timestamp":"2021-05-26T19:45:41.463Z"}
{"message":"[head:undefined]","level":"info","timestamp":"2021-05-26T19:47:16.996Z"}
{"message":"[head:journals/2379-139X]","level":"info","timestamp":"2021-05-26T19:47:21.134Z"}
{"message":"[get:journals/2379-139X]","level":"info","timestamp":"2021-05-26T19:47:21.558Z"}
{"message":"[head:journals/2379-139X]","level":"info","timestamp":"2021-05-26T19:47:42.272Z"}
{"message":"[get:journals/2379-139X]","level":"info","timestamp":"2021-05-26T19:47:42.770Z"}
{"message":"[head:journals/2379-139X]","level":"info","timestamp":"2021-05-26T19:49:44.144Z"}
{"message":"[get:journals/2379-139X]","level":"info","timestamp":"2021-05-26T19:49:44.656Z"}
{"message":"[head:journals/2379-139X]","level":"info","timestamp":"2021-05-26T19:49:48.503Z"}
{"message":"[get:journals/2379-139X]","level":"info","timestamp":"2021-05-26T19:49:48.987Z"}
{"message":"[head:journals/2379-139X]","level":"info","timestamp":"2021-05-26T19:51:13.013Z"}
{"message":"[get:journals/2379-139X]","level":"info","timestamp":"2021-05-26T19:51:13.511Z"}
{"message":"[head:journals/2379-139X]","level":"info","timestamp":"2021-05-26T19:54:56.214Z"}
{"message":"[get:journals/2379-139X]","level":"info","timestamp":"2021-05-26T19:54:56.661Z"}
{"message":"[head:journals/2226-4310]","level":"info","timestamp":"2021-05-26T19:57:05.035Z"}
{"message":"[head:journals/2077-0472]","level":"info","timestamp":"2021-05-26T19:57:05.245Z"}
{"message":"[head:journals/2073-4395]","level":"info","timestamp":"2021-05-26T19:57:05.446Z"}
{"message":"[head:journals/2076-2615]","level":"info","timestamp":"2021-05-26T19:57:05.648Z"}
{"message":"[head:journals/2079-6382]","level":"info","timestamp":"2021-05-26T19:57:05.850Z"}
{"message":"[head:journals/2076-3921]","level":"info","timestamp":"2021-05-26T19:57:06.052Z"}
{"message":"[head:journals/2076-3417]","level":"info","timestamp":"2021-05-26T19:57:06.253Z"}
{"message":"[head:journals/2073-4433]","level":"info","timestamp":"2021-05-26T19:57:06.455Z"}
{"message":"[head:journals/2075-1680]","level":"info","timestamp":"2021-05-26T19:57:06.657Z"}
{"message":"[head:journals/2227-9059]","level":"info","timestamp":"2021-05-26T19:57:06.858Z"}
{"message":"[head:journals/2079-7737]","level":"info","timestamp":"2021-05-26T19:57:07.060Z"}
{"message":"[head:journals/2218-273X]","level":"info","timestamp":"2021-05-26T19:57:07.262Z"}
{"message":"[head:journals/2079-6374]","level":"info","timestamp":"2021-05-26T19:57:07.463Z"}
{"message":"[head:journals/2076-3425]","level":"info","timestamp":"2021-05-26T19:57:07.665Z"}
{"message":"[head:journals/2075-5309]","level":"info","timestamp":"2021-05-26T19:57:07.867Z"}
{"message":"[head:journals/2072-6694]","level":"info","timestamp":"2021-05-26T19:57:08.068Z"}
{"message":"[head:journals/2073-4344]","level":"info","timestamp":"2021-05-26T19:57:08.270Z"}
{"message":"[head:journals/2073-4409]","level":"info","timestamp":"2021-05-26T19:57:08.472Z"}
{"message":"[head:journals/2227-9040]","level":"info","timestamp":"2021-05-26T19:57:08.671Z"}
{"message":"[head:journals/2227-9067]","level":"info","timestamp":"2021-05-26T19:57:08.875Z"}
{"message":"[head:journals/2079-6412]","level":"info","timestamp":"2021-05-26T19:57:09.080Z"}
{"message":"[head:journals/2073-4352]","level":"info","timestamp":"2021-05-26T19:57:09.317Z"}
{"message":"[head:journals/1467-3045]","level":"info","timestamp":"2021-05-26T19:57:09.518Z"}
{"message":"[head:journals/2075-4418]","level":"info","timestamp":"2021-05-26T19:57:09.781Z"}
{"message":"[head:journals/1424-2818]","level":"info","timestamp":"2021-05-26T19:57:09.992Z"}
{"message":"[head:journals/2504-446X]","level":"info","timestamp":"2021-05-26T19:57:10.194Z"}
{"message":"[head:journals/2079-9292]","level":"info","timestamp":"2021-05-26T19:57:10.395Z"}
{"message":"[head:journals/1996-1073]","level":"info","timestamp":"2021-05-26T19:57:10.597Z"}
{"message":"[head:journals/1099-4300]","level":"info","timestamp":"2021-05-26T19:57:10.799Z"}
{"message":"[head:journals/2311-5637]","level":"info","timestamp":"2021-05-26T19:57:11.000Z"}
{"message":"[head:journals/2571-6255]","level":"info","timestamp":"2021-05-26T19:57:11.202Z"}
{"message":"[head:journals/2410-3888]","level":"info","timestamp":"2021-05-26T19:57:11.404Z"}
{"message":"[head:journals/2304-8158]","level":"info","timestamp":"2021-05-26T19:57:11.605Z"}
{"message":"[head:journals/1999-4907]","level":"info","timestamp":"2021-05-26T19:57:11.807Z"}
{"message":"[head:journals/2504-3110]","level":"info","timestamp":"2021-05-26T19:57:12.009Z"}
{"message":"[head:journals/2310-2861]","level":"info","timestamp":"2021-05-26T19:57:12.210Z"}
{"message":"[head:journals/2073-4425]","level":"info","timestamp":"2021-05-26T19:57:12.412Z"}
{"message":"[head:journals/2227-9032]","level":"info","timestamp":"2021-05-26T19:57:12.614Z"}
{"message":"[head:journals/2311-7524]","level":"info","timestamp":"2021-05-26T19:57:12.815Z"}
{"message":"[head:journals/2075-4450]","level":"info","timestamp":"2021-05-26T19:57:13.017Z"}
{"message":"[head:journals/1660-4601]","level":"info","timestamp":"2021-05-26T19:57:13.218Z"}
{"message":"[head:journals/1422-0067]","level":"info","timestamp":"2021-05-26T19:57:13.420Z"}
{"message":"[head:journals/2220-9964]","level":"info","timestamp":"2021-05-26T19:57:13.622Z"}
{"message":"[head:journals/2308-3425]","level":"info","timestamp":"2021-05-26T19:57:13.849Z"}
{"message":"[head:journals/2077-0383]","level":"info","timestamp":"2021-05-26T19:57:14.090Z"}
{"message":"[head:journals/2309-608X]","level":"info","timestamp":"2021-05-26T19:57:14.333Z"}
{"message":"[head:journals/2077-1312]","level":"info","timestamp":"2021-05-26T19:57:14.601Z"}
{"message":"[head:journals/2075-4426]","level":"info","timestamp":"2021-05-26T19:57:14.801Z"}
{"message":"[head:journals/2075-1729]","level":"info","timestamp":"2021-05-26T19:57:15.003Z"}
{"message":"[head:journals/2075-1702]","level":"info","timestamp":"2021-05-26T19:57:15.241Z"}
{"message":"[head:journals/2312-7481]","level":"info","timestamp":"2021-05-26T19:57:15.447Z"}
{"message":"[head:journals/1660-3397]","level":"info","timestamp":"2021-05-26T19:57:15.680Z"}
{"message":"[head:journals/1996-1944]","level":"info","timestamp":"2021-05-26T19:57:15.923Z"}
{"message":"[head:journals/2227-7390]","level":"info","timestamp":"2021-05-26T19:57:16.135Z"}
{"message":"[head:journals/1648-9144]","level":"info","timestamp":"2021-05-26T19:57:16.365Z"}
{"message":"[head:journals/2077-0375]","level":"info","timestamp":"2021-05-26T19:57:16.581Z"}
{"message":"[head:journals/2218-1989]","level":"info","timestamp":"2021-05-26T19:57:16.808Z"}
{"message":"[head:journals/2075-4701]","level":"info","timestamp":"2021-05-26T19:57:17.010Z"}
{"message":"[head:journals/2072-666X]","level":"info","timestamp":"2021-05-26T19:57:17.221Z"}
{"message":"[head:journals/2076-2607]","level":"info","timestamp":"2021-05-26T19:57:17.423Z"}
{"message":"[head:journals/2075-163X]","level":"info","timestamp":"2021-05-26T19:57:17.682Z"}
{"message":"[head:journals/1420-3049]","level":"info","timestamp":"2021-05-26T19:57:17.888Z"}
{"message":"[head:journals/2079-4991]","level":"info","timestamp":"2021-05-26T19:57:18.142Z"}
{"message":"[head:journals/2072-6643]","level":"info","timestamp":"2021-05-26T19:57:18.354Z"}
{"message":"[head:journals/2076-0817]","level":"info","timestamp":"2021-05-26T19:57:18.588Z"}
{"message":"[head:journals/1424-8247]","level":"info","timestamp":"2021-05-26T19:57:18.788Z"}
{"message":"[head:journals/1999-4923]","level":"info","timestamp":"2021-05-26T19:57:18.990Z"}
{"message":"[head:journals/2304-6732]","level":"info","timestamp":"2021-05-26T19:57:19.191Z"}
{"message":"[head:journals/2223-7747]","level":"info","timestamp":"2021-05-26T19:57:19.399Z"}
{"message":"[head:journals/2073-4360]","level":"info","timestamp":"2021-05-26T19:57:19.610Z"}
{"message":"[head:journals/2227-9717]","level":"info","timestamp":"2021-05-26T19:57:19.812Z"}
{"message":"[head:journals/2072-4292]","level":"info","timestamp":"2021-05-26T19:57:20.014Z"}
{"message":"[head:journals/1424-8220]","level":"info","timestamp":"2021-05-26T19:57:20.215Z"}
{"message":"[head:journals/2297-8739]","level":"info","timestamp":"2021-05-26T19:57:20.417Z"}
{"message":"[head:journals/2071-1050]","level":"info","timestamp":"2021-05-26T19:57:20.618Z"}
{"message":"[head:journals/2073-8994]","level":"info","timestamp":"2021-05-26T19:57:20.820Z"}
{"message":"[head:journals/2379-139X]","level":"info","timestamp":"2021-05-26T19:57:21.022Z"}
{"message":"[head:journals/2305-6304]","level":"info","timestamp":"2021-05-26T19:57:21.235Z"}
{"message":"[head:journals/2072-6651]","level":"info","timestamp":"2021-05-26T19:57:21.435Z"}
{"message":"[head:journals/2218-1997]","level":"info","timestamp":"2021-05-26T19:57:21.642Z"}
{"message":"[head:journals/2076-393X]","level":"info","timestamp":"2021-05-26T19:57:21.844Z"}
{"message":"[head:journals/2306-7381]","level":"info","timestamp":"2021-05-26T19:57:22.046Z"}
{"message":"[head:journals/1999-4915]","level":"info","timestamp":"2021-05-26T19:57:22.283Z"}
{"message":"[head:journals/2073-4441]","level":"info","timestamp":"2021-05-26T19:57:22.519Z"}
{"message":"[get:journals/2226-4310]","level":"info","timestamp":"2021-05-26T19:57:22.780Z"}
{"message":"[get:journals/2077-0472]","level":"info","timestamp":"2021-05-26T19:57:23.026Z"}
{"message":"[get:journals/2073-4395]","level":"info","timestamp":"2021-05-26T19:57:23.230Z"}
{"message":"[get:journals/2076-2615]","level":"info","timestamp":"2021-05-26T19:57:23.434Z"}
{"message":"[get:journals/2079-6382]","level":"info","timestamp":"2021-05-26T19:57:23.644Z"}
{"message":"[get:journals/2076-3921]","level":"info","timestamp":"2021-05-26T19:57:23.845Z"}
{"message":"[get:journals/2076-3417]","level":"info","timestamp":"2021-05-26T19:57:24.047Z"}
{"message":"[get:journals/2073-4433]","level":"info","timestamp":"2021-05-26T19:57:24.249Z"}
{"message":"[get:journals/2075-1680]","level":"info","timestamp":"2021-05-26T19:57:24.450Z"}
{"message":"[get:journals/2227-9059]","level":"info","timestamp":"2021-05-26T19:57:24.652Z"}
{"message":"[get:journals/2079-7737]","level":"info","timestamp":"2021-05-26T19:57:24.854Z"}
{"message":"[get:journals/2218-273X]","level":"info","timestamp":"2021-05-26T19:57:25.055Z"}
{"message":"[get:journals/2079-6374]","level":"info","timestamp":"2021-05-26T19:57:25.257Z"}
{"message":"[get:journals/2076-3425]","level":"info","timestamp":"2021-05-26T19:57:25.459Z"}
{"message":"[get:journals/2075-5309]","level":"info","timestamp":"2021-05-26T19:57:25.660Z"}
{"message":"[get:journals/2072-6694]","level":"info","timestamp":"2021-05-26T19:57:25.862Z"}
{"message":"[get:journals/2073-4344]","level":"info","timestamp":"2021-05-26T19:57:26.064Z"}
{"message":"[get:journals/2073-4409]","level":"info","timestamp":"2021-05-26T19:57:26.265Z"}
{"message":"[get:journals/2227-9040]","level":"info","timestamp":"2021-05-26T19:57:26.467Z"}
{"message":"[get:journals/2227-9067]","level":"info","timestamp":"2021-05-26T19:57:26.669Z"}
{"message":"[get:journals/2079-6412]","level":"info","timestamp":"2021-05-26T19:57:26.870Z"}
{"message":"[get:journals/2073-4352]","level":"info","timestamp":"2021-05-26T19:57:27.072Z"}
{"message":"[get:journals/1467-3045]","level":"info","timestamp":"2021-05-26T19:57:27.274Z"}
{"message":"[get:journals/2075-4418]","level":"info","timestamp":"2021-05-26T19:57:27.475Z"}
{"message":"[get:journals/1424-2818]","level":"info","timestamp":"2021-05-26T19:57:27.677Z"}
{"message":"[get:journals/2504-446X]","level":"info","timestamp":"2021-05-26T19:57:27.879Z"}
{"message":"[get:journals/2079-9292]","level":"info","timestamp":"2021-05-26T19:57:28.080Z"}
{"message":"[get:journals/1996-1073]","level":"info","timestamp":"2021-05-26T19:57:28.282Z"}
{"message":"[get:journals/1099-4300]","level":"info","timestamp":"2021-05-26T19:57:28.484Z"}
{"message":"[get:journals/2311-5637]","level":"info","timestamp":"2021-05-26T19:57:28.685Z"}
{"message":"[get:journals/2571-6255]","level":"info","timestamp":"2021-05-26T19:57:28.887Z"}
{"message":"[get:journals/2410-3888]","level":"info","timestamp":"2021-05-26T19:57:29.089Z"}
{"message":"[get:journals/2304-8158]","level":"info","timestamp":"2021-05-26T19:57:29.291Z"}
{"message":"[get:journals/1999-4907]","level":"info","timestamp":"2021-05-26T19:57:29.492Z"}
{"message":"[get:journals/2504-3110]","level":"info","timestamp":"2021-05-26T19:57:29.695Z"}
{"message":"[get:journals/2310-2861]","level":"info","timestamp":"2021-05-26T19:57:29.895Z"}
{"message":"[get:journals/2073-4425]","level":"info","timestamp":"2021-05-26T19:57:30.097Z"}
{"message":"[get:journals/2227-9032]","level":"info","timestamp":"2021-05-26T19:57:30.299Z"}
{"message":"[get:journals/2311-7524]","level":"info","timestamp":"2021-05-26T19:57:30.500Z"}
{"message":"[get:journals/2075-4450]","level":"info","timestamp":"2021-05-26T19:57:30.702Z"}
{"message":"[get:journals/1660-4601]","level":"info","timestamp":"2021-05-26T19:57:30.904Z"}
{"message":"[get:journals/1422-0067]","level":"info","timestamp":"2021-05-26T19:57:31.105Z"}
{"message":"[get:journals/2220-9964]","level":"info","timestamp":"2021-05-26T19:57:31.307Z"}
{"message":"[get:journals/2308-3425]","level":"info","timestamp":"2021-05-26T19:57:31.509Z"}
{"message":"[get:journals/2077-0383]","level":"info","timestamp":"2021-05-26T19:57:31.711Z"}
{"message":"[get:journals/2309-608X]","level":"info","timestamp":"2021-05-26T19:57:31.912Z"}
{"message":"[get:journals/2077-1312]","level":"info","timestamp":"2021-05-26T19:57:32.114Z"}
{"message":"[get:journals/2075-4426]","level":"info","timestamp":"2021-05-26T19:57:32.316Z"}
{"message":"[get:journals/2075-1729]","level":"info","timestamp":"2021-05-26T19:57:32.517Z"}
{"message":"[get:journals/2075-1702]","level":"info","timestamp":"2021-05-26T19:57:32.719Z"}
{"message":"[get:journals/2312-7481]","level":"info","timestamp":"2021-05-26T19:57:32.921Z"}
{"message":"[get:journals/1660-3397]","level":"info","timestamp":"2021-05-26T19:57:33.122Z"}
{"message":"[get:journals/1996-1944]","level":"info","timestamp":"2021-05-26T19:57:33.324Z"}
{"message":"[get:journals/2227-7390]","level":"info","timestamp":"2021-05-26T19:57:33.526Z"}
{"message":"[get:journals/1648-9144]","level":"info","timestamp":"2021-05-26T19:57:33.727Z"}
{"message":"[get:journals/2077-0375]","level":"info","timestamp":"2021-05-26T19:57:33.929Z"}
{"message":"[get:journals/2218-1989]","level":"info","timestamp":"2021-05-26T19:57:34.131Z"}
{"message":"[get:journals/2075-4701]","level":"info","timestamp":"2021-05-26T19:57:34.332Z"}
{"message":"[get:journals/2072-666X]","level":"info","timestamp":"2021-05-26T19:57:34.534Z"}
{"message":"[get:journals/2076-2607]","level":"info","timestamp":"2021-05-26T19:57:34.736Z"}
{"message":"[get:journals/2075-163X]","level":"info","timestamp":"2021-05-26T19:57:34.937Z"}
{"message":"[get:journals/1420-3049]","level":"info","timestamp":"2021-05-26T19:57:35.139Z"}
{"message":"[get:journals/2079-4991]","level":"info","timestamp":"2021-05-26T19:57:35.341Z"}
{"message":"[get:journals/2072-6643]","level":"info","timestamp":"2021-05-26T19:57:35.542Z"}
{"message":"[get:journals/2076-0817]","level":"info","timestamp":"2021-05-26T19:57:35.744Z"}
{"message":"[get:journals/1424-8247]","level":"info","timestamp":"2021-05-26T19:57:35.946Z"}
{"message":"[get:journals/1999-4923]","level":"info","timestamp":"2021-05-26T19:57:36.147Z"}
{"message":"[get:journals/2304-6732]","level":"info","timestamp":"2021-05-26T19:57:36.349Z"}
{"message":"[get:journals/2223-7747]","level":"info","timestamp":"2021-05-26T19:57:36.551Z"}
{"message":"[get:journals/2073-4360]","level":"info","timestamp":"2021-05-26T19:57:36.753Z"}
{"message":"[get:journals/2227-9717]","level":"info","timestamp":"2021-05-26T19:57:36.954Z"}
{"message":"[get:journals/2072-4292]","level":"info","timestamp":"2021-05-26T19:57:37.156Z"}
{"message":"[get:journals/1424-8220]","level":"info","timestamp":"2021-05-26T19:57:37.357Z"}
{"message":"[get:journals/2297-8739]","level":"info","timestamp":"2021-05-26T19:57:37.559Z"}
{"message":"[get:journals/2071-1050]","level":"info","timestamp":"2021-05-26T19:57:37.761Z"}
{"message":"[get:journals/2073-8994]","level":"info","timestamp":"2021-05-26T19:57:37.962Z"}
{"message":"[get:journals/2379-139X]","level":"info","timestamp":"2021-05-26T19:57:38.164Z"}
{"message":"[get:journals/2305-6304]","level":"info","timestamp":"2021-05-26T19:57:38.366Z"}
{"message":"[get:journals/2072-6651]","level":"info","timestamp":"2021-05-26T19:57:38.567Z"}
{"message":"[get:journals/2218-1997]","level":"info","timestamp":"2021-05-26T19:57:38.768Z"}
{"message":"[get:journals/2076-393X]","level":"info","timestamp":"2021-05-26T19:57:38.971Z"}
{"message":"[get:journals/2306-7381]","level":"info","timestamp":"2021-05-26T19:57:39.172Z"}
{"message":"[get:journals/1999-4915]","level":"info","timestamp":"2021-05-26T19:57:39.374Z"}
{"message":"[get:journals/2073-4441]","level":"info","timestamp":"2021-05-26T19:57:39.576Z"}
